Started GET "/" for 127.0.0.1 at 2017-11-06 08:31:03 +0100
Processing by Rails::WelcomeController#index as HTML
  Rendering C:/RailsInstaller/Ruby2.3.3/lib/ruby/gems/2.3.0/gems/railties-5.1.4/lib/rails/templates/rails/welcome/index.html.erb
  Rendered C:/RailsInstaller/Ruby2.3.3/lib/ruby/gems/2.3.0/gems/railties-5.1.4/lib/rails/templates/rails/welcome/index.html.erb (2.5ms)
Completed 200 OK in 226ms (Views: 22.9ms)


Started GET "/" for 127.0.0.1 at 2017-11-06 08:47:04 +0100
  
ActiveRecord::PendingMigrationError (

Migrations are pending. To resolve this issue, run:

        bin/rails db:migrate RAILS_ENV=development

):
  
activerecord (5.1.4) lib/active_record/migration.rb:576:in `check_pending!'
activerecord (5.1.4) lib/active_record/migration.rb:553:in `call'
actionpack (5.1.4) lib/action_dispatch/middleware/callbacks.rb:26:in `block in call'
activesupport (5.1.4) lib/active_support/callbacks.rb:97:in `run_callbacks'
actionpack (5.1.4) lib/action_dispatch/middleware/callbacks.rb:24:in `call'
actionpack (5.1.4) lib/action_dispatch/middleware/executor.rb:12:in `call'
actionpack (5.1.4) lib/action_dispatch/middleware/debug_exceptions.rb:59:in `call'
web-console (3.5.1) lib/web_console/middleware.rb:135:in `call_app'
web-console (3.5.1) lib/web_console/middleware.rb:28:in `block in call'
web-console (3.5.1) lib/web_console/middleware.rb:18:in `catch'
web-console (3.5.1) lib/web_console/middleware.rb:18:in `call'
actionpack (5.1.4) lib/action_dispatch/middleware/show_exceptions.rb:31:in `call'
railties (5.1.4) lib/rails/rack/logger.rb:36:in `call_app'
railties (5.1.4) lib/rails/rack/logger.rb:24:in `block in call'
activesupport (5.1.4) lib/active_support/tagged_logging.rb:69:in `block in tagged'
activesupport (5.1.4) lib/active_support/tagged_logging.rb:26:in `tagged'
activesupport (5.1.4) lib/active_support/tagged_logging.rb:69:in `tagged'
railties (5.1.4) lib/rails/rack/logger.rb:24:in `call'
sprockets-rails (3.2.1) lib/sprockets/rails/quiet_assets.rb:13:in `call'
actionpack (5.1.4) lib/action_dispatch/middleware/remote_ip.rb:79:in `call'
actionpack (5.1.4) lib/action_dispatch/middleware/request_id.rb:25:in `call'
rack (2.0.3) lib/rack/method_override.rb:22:in `call'
rack (2.0.3) lib/rack/runtime.rb:22:in `call'
activesupport (5.1.4) lib/active_support/cache/strategy/local_cache_middleware.rb:27:in `call'
actionpack (5.1.4) lib/action_dispatch/middleware/executor.rb:12:in `call'
actionpack (5.1.4) lib/action_dispatch/middleware/static.rb:125:in `call'
rack (2.0.3) lib/rack/sendfile.rb:111:in `call'
railties (5.1.4) lib/rails/engine.rb:522:in `call'
puma (3.10.0) lib/puma/configuration.rb:225:in `call'
puma (3.10.0) lib/puma/server.rb:605:in `handle_request'
puma (3.10.0) lib/puma/server.rb:437:in `process_client'
puma (3.10.0) lib/puma/server.rb:301:in `block in run'
puma (3.10.0) lib/puma/thread_pool.rb:120:in `block in spawn_thread'
  [1m[35m (0.0ms)[0m  [1m[34mSELECT sqlite_version(*)[0m
  [1m[35m (9.1ms)[0m  [1m[35mCREATE TABLE "schema_migrations" ("version" varchar NOT NULL PRIMARY KEY)[0m
  [1m[35m (7.7ms)[0m  [1m[35mCREATE TABLE "ar_internal_metadata" ("key" varchar NOT NULL PRIMARY KEY, "value" varchar, "created_at" datetime NOT NULL, "updated_at" datetime NOT NULL)[0m
  [1m[35m (1.0ms)[0m  [1m[34mSELECT "schema_migrations"."version" FROM "schema_migrations" ORDER BY "schema_migrations"."version" ASC[0m
Migrating to CreateFacilities (20171106074658)
  [1m[35m (0.0ms)[0m  [1m[36mbegin transaction[0m
  [1m[35m (1.0ms)[0m  [1m[35mCREATE TABLE "facilities" ("id" INTEGER PRIMARY KEY AUTOINCREMENT NOT NULL, "name" varchar, "created_at" datetime NOT NULL, "updated_at" datetime NOT NULL)[0m
  [1m[35mSQL (0.0ms)[0m  [1m[32mINSERT INTO "schema_migrations" ("version") VALUES (?)[0m  [["version", "20171106074658"]]
  [1m[35m (10.0ms)[0m  [1m[36mcommit transaction[0m
Migrating to CreateFacilityItems (20171106074906)
  [1m[35m (0.0ms)[0m  [1m[36mbegin transaction[0m
  [1m[35m (1.0ms)[0m  [1m[35mCREATE TABLE "facility_items" ("id" INTEGER PRIMARY KEY AUTOINCREMENT NOT NULL, "name" varchar, "facility_id" integer, "created_at" datetime NOT NULL, "updated_at" datetime NOT NULL)[0m
  [1m[35mSQL (0.0ms)[0m  [1m[32mINSERT INTO "schema_migrations" ("version") VALUES (?)[0m  [["version", "20171106074906"]]
  [1m[35m (10.1ms)[0m  [1m[36mcommit transaction[0m
  [1m[36mActiveRecord::InternalMetadata Load (0.0ms)[0m  [1m[34mSELECT  "ar_internal_metadata".* FROM "ar_internal_metadata" WHERE "ar_internal_metadata"."key" = ? LIMIT ?[0m  [["key", "environment"], ["LIMIT", 1]]
  [1m[35m (0.0ms)[0m  [1m[36mbegin transaction[0m
  [1m[35mSQL (1.0ms)[0m  [1m[32mINSERT INTO "ar_internal_metadata" ("key", "value", "created_at", "updated_at") VALUES (?, ?, ?, ?)[0m  [["key", "environment"], ["value", "development"], ["created_at", "2017-11-06 07:49:25.557919"], ["updated_at", "2017-11-06 07:49:25.557919"]]
  [1m[35m (9.0ms)[0m  [1m[36mcommit transaction[0m
  [1m[35m (0.0ms)[0m  [1m[34mSELECT "schema_migrations"."version" FROM "schema_migrations" ORDER BY "schema_migrations"."version" ASC[0m
Started GET "/" for 127.0.0.1 at 2017-11-06 08:49:30 +0100
  [1m[35m (0.0ms)[0m  [1m[34mSELECT "schema_migrations"."version" FROM "schema_migrations" ORDER BY "schema_migrations"."version" ASC[0m
Processing by Rails::WelcomeController#index as HTML
  Rendering C:/RailsInstaller/Ruby2.3.3/lib/ruby/gems/2.3.0/gems/railties-5.1.4/lib/rails/templates/rails/welcome/index.html.erb
  Rendered C:/RailsInstaller/Ruby2.3.3/lib/ruby/gems/2.3.0/gems/railties-5.1.4/lib/rails/templates/rails/welcome/index.html.erb (2.0ms)
Completed 200 OK in 41ms (Views: 22.1ms | ActiveRecord: 0.0ms)


Started GET "/facility" for 127.0.0.1 at 2017-11-06 08:53:34 +0100
  
ActionController::RoutingError (No route matches [GET] "/facility"):
  
actionpack (5.1.4) lib/action_dispatch/middleware/debug_exceptions.rb:63:in `call'
web-console (3.5.1) lib/web_console/middleware.rb:135:in `call_app'
web-console (3.5.1) lib/web_console/middleware.rb:28:in `block in call'
web-console (3.5.1) lib/web_console/middleware.rb:18:in `catch'
web-console (3.5.1) lib/web_console/middleware.rb:18:in `call'
actionpack (5.1.4) lib/action_dispatch/middleware/show_exceptions.rb:31:in `call'
railties (5.1.4) lib/rails/rack/logger.rb:36:in `call_app'
railties (5.1.4) lib/rails/rack/logger.rb:24:in `block in call'
activesupport (5.1.4) lib/active_support/tagged_logging.rb:69:in `block in tagged'
activesupport (5.1.4) lib/active_support/tagged_logging.rb:26:in `tagged'
activesupport (5.1.4) lib/active_support/tagged_logging.rb:69:in `tagged'
railties (5.1.4) lib/rails/rack/logger.rb:24:in `call'
sprockets-rails (3.2.1) lib/sprockets/rails/quiet_assets.rb:13:in `call'
actionpack (5.1.4) lib/action_dispatch/middleware/remote_ip.rb:79:in `call'
actionpack (5.1.4) lib/action_dispatch/middleware/request_id.rb:25:in `call'
rack (2.0.3) lib/rack/method_override.rb:22:in `call'
rack (2.0.3) lib/rack/runtime.rb:22:in `call'
activesupport (5.1.4) lib/active_support/cache/strategy/local_cache_middleware.rb:27:in `call'
actionpack (5.1.4) lib/action_dispatch/middleware/executor.rb:12:in `call'
actionpack (5.1.4) lib/action_dispatch/middleware/static.rb:125:in `call'
rack (2.0.3) lib/rack/sendfile.rb:111:in `call'
railties (5.1.4) lib/rails/engine.rb:522:in `call'
puma (3.10.0) lib/puma/configuration.rb:225:in `call'
puma (3.10.0) lib/puma/server.rb:605:in `handle_request'
puma (3.10.0) lib/puma/server.rb:437:in `process_client'
puma (3.10.0) lib/puma/server.rb:301:in `block in run'
puma (3.10.0) lib/puma/thread_pool.rb:120:in `block in spawn_thread'
Started GET "/facilities" for 127.0.0.1 at 2017-11-06 08:53:52 +0100
Processing by FacilitiesController#index as HTML
  Rendering facilities/index.html.erb within layouts/application
  [1m[36mFacility Load (0.0ms)[0m  [1m[34mSELECT "facilities".* FROM "facilities"[0m
  Rendered facilities/index.html.erb within layouts/application (4.0ms)
Completed 200 OK in 1152ms (Views: 1142.3ms | ActiveRecord: 0.0ms)


Started GET "/facilities/new" for 127.0.0.1 at 2017-11-06 08:54:15 +0100
Processing by FacilitiesController#new as HTML
  Rendering facilities/new.html.erb within layouts/application
  Rendered facilities/_form.html.erb (36.8ms)
  Rendered facilities/new.html.erb within layouts/application (44.6ms)
Completed 200 OK in 117ms (Views: 103.8ms | ActiveRecord: 1.0ms)


Started POST "/facilities" for 127.0.0.1 at 2017-11-06 08:54:22 +0100
Processing by FacilitiesController#create as HTML
  Parameters: {"utf8"=>"✓", "authenticity_token"=>"h/Mwn2UBqeI5ZTte18qb/EowYwQk/3mUeXXbn3619hSest84xp5KVsf5DmC7Yb6wX3jyxTxA1IEBqE0SBiqDHg==", "facility"=>{"name"=>"Facility 1"}, "commit"=>"Create Facility"}
  [1m[35m (0.0ms)[0m  [1m[36mbegin transaction[0m
  [1m[35mSQL (1.0ms)[0m  [1m[32mINSERT INTO "facilities" ("name", "created_at", "updated_at") VALUES (?, ?, ?)[0m  [["name", "Facility 1"], ["created_at", "2017-11-06 07:54:22.811372"], ["updated_at", "2017-11-06 07:54:22.811372"]]
  [1m[35m (7.0ms)[0m  [1m[36mcommit transaction[0m
Redirected to http://localhost:3000/facilities/1
Completed 302 Found in 14ms (ActiveRecord: 8.0ms)


Started GET "/facilities/1" for 127.0.0.1 at 2017-11-06 08:54:22 +0100
Processing by FacilitiesController#show as HTML
  Parameters: {"id"=>"1"}
  [1m[36mFacility Load (0.0ms)[0m  [1m[34mSELECT  "facilities".* FROM "facilities" WHERE "facilities"."id" = ? LIMIT ?[0m  [["id", 1], ["LIMIT", 1]]
  Rendering facilities/show.html.erb within layouts/application
  Rendered facilities/show.html.erb within layouts/application (0.0ms)
Completed 200 OK in 82ms (Views: 53.3ms | ActiveRecord: 0.0ms)


Started GET "/facilities" for 127.0.0.1 at 2017-11-06 08:54:25 +0100
Processing by FacilitiesController#index as HTML
  Rendering facilities/index.html.erb within layouts/application
  [1m[36mFacility Load (0.0ms)[0m  [1m[34mSELECT "facilities".* FROM "facilities"[0m
  Rendered facilities/index.html.erb within layouts/application (2.4ms)
Completed 200 OK in 59ms (Views: 51.9ms | ActiveRecord: 0.0ms)


Started GET "/facilities/1" for 127.0.0.1 at 2017-11-06 08:54:27 +0100
Processing by FacilitiesController#show as HTML
  Parameters: {"id"=>"1"}
  [1m[36mFacility Load (0.0ms)[0m  [1m[34mSELECT  "facilities".* FROM "facilities" WHERE "facilities"."id" = ? LIMIT ?[0m  [["id", 1], ["LIMIT", 1]]
  Rendering facilities/show.html.erb within layouts/application
  Rendered facilities/show.html.erb within layouts/application (1.0ms)
Completed 200 OK in 54ms (Views: 45.1ms | ActiveRecord: 0.0ms)


Started GET "/facilities" for 127.0.0.1 at 2017-11-06 08:54:29 +0100
Processing by FacilitiesController#index as HTML
  Rendering facilities/index.html.erb within layouts/application
  [1m[36mFacility Load (0.0ms)[0m  [1m[34mSELECT "facilities".* FROM "facilities"[0m
  Rendered facilities/index.html.erb within layouts/application (3.1ms)
Completed 200 OK in 57ms (Views: 49.4ms | ActiveRecord: 0.0ms)


Started GET "/" for 127.0.0.1 at 2017-11-06 08:54:34 +0100
Processing by Rails::WelcomeController#index as HTML
  Rendering C:/RailsInstaller/Ruby2.3.3/lib/ruby/gems/2.3.0/gems/railties-5.1.4/lib/rails/templates/rails/welcome/index.html.erb
  Rendered C:/RailsInstaller/Ruby2.3.3/lib/ruby/gems/2.3.0/gems/railties-5.1.4/lib/rails/templates/rails/welcome/index.html.erb (2.5ms)
Completed 200 OK in 37ms (Views: 19.8ms | ActiveRecord: 0.0ms)


Started GET "/" for 127.0.0.1 at 2017-11-06 08:56:47 +0100
  
AbstractController::ActionNotFound (The action 'index' could not be found for AdminController):
  
actionpack (5.1.4) lib/abstract_controller/base.rb:119:in `process'
actionview (5.1.4) lib/action_view/rendering.rb:30:in `process'
actionpack (5.1.4) lib/action_controller/metal.rb:189:in `dispatch'
actionpack (5.1.4) lib/action_controller/metal.rb:253:in `dispatch'
actionpack (5.1.4) lib/action_dispatch/routing/route_set.rb:49:in `dispatch'
actionpack (5.1.4) lib/action_dispatch/routing/route_set.rb:31:in `serve'
actionpack (5.1.4) lib/action_dispatch/journey/router.rb:50:in `block in serve'
actionpack (5.1.4) lib/action_dispatch/journey/router.rb:33:in `each'
actionpack (5.1.4) lib/action_dispatch/journey/router.rb:33:in `serve'
actionpack (5.1.4) lib/action_dispatch/routing/route_set.rb:834:in `call'
rack (2.0.3) lib/rack/etag.rb:25:in `call'
rack (2.0.3) lib/rack/conditional_get.rb:25:in `call'
rack (2.0.3) lib/rack/head.rb:12:in `call'
rack (2.0.3) lib/rack/session/abstract/id.rb:232:in `context'
rack (2.0.3) lib/rack/session/abstract/id.rb:226:in `call'
actionpack (5.1.4) lib/action_dispatch/middleware/cookies.rb:613:in `call'
activerecord (5.1.4) lib/active_record/migration.rb:556:in `call'
actionpack (5.1.4) lib/action_dispatch/middleware/callbacks.rb:26:in `block in call'
activesupport (5.1.4) lib/active_support/callbacks.rb:97:in `run_callbacks'
actionpack (5.1.4) lib/action_dispatch/middleware/callbacks.rb:24:in `call'
actionpack (5.1.4) lib/action_dispatch/middleware/executor.rb:12:in `call'
actionpack (5.1.4) lib/action_dispatch/middleware/debug_exceptions.rb:59:in `call'
web-console (3.5.1) lib/web_console/middleware.rb:135:in `call_app'
web-console (3.5.1) lib/web_console/middleware.rb:28:in `block in call'
web-console (3.5.1) lib/web_console/middleware.rb:18:in `catch'
web-console (3.5.1) lib/web_console/middleware.rb:18:in `call'
actionpack (5.1.4) lib/action_dispatch/middleware/show_exceptions.rb:31:in `call'
railties (5.1.4) lib/rails/rack/logger.rb:36:in `call_app'
railties (5.1.4) lib/rails/rack/logger.rb:24:in `block in call'
activesupport (5.1.4) lib/active_support/tagged_logging.rb:69:in `block in tagged'
activesupport (5.1.4) lib/active_support/tagged_logging.rb:26:in `tagged'
activesupport (5.1.4) lib/active_support/tagged_logging.rb:69:in `tagged'
railties (5.1.4) lib/rails/rack/logger.rb:24:in `call'
sprockets-rails (3.2.1) lib/sprockets/rails/quiet_assets.rb:13:in `call'
actionpack (5.1.4) lib/action_dispatch/middleware/remote_ip.rb:79:in `call'
actionpack (5.1.4) lib/action_dispatch/middleware/request_id.rb:25:in `call'
rack (2.0.3) lib/rack/method_override.rb:22:in `call'
rack (2.0.3) lib/rack/runtime.rb:22:in `call'
activesupport (5.1.4) lib/active_support/cache/strategy/local_cache_middleware.rb:27:in `call'
actionpack (5.1.4) lib/action_dispatch/middleware/executor.rb:12:in `call'
actionpack (5.1.4) lib/action_dispatch/middleware/static.rb:125:in `call'
rack (2.0.3) lib/rack/sendfile.rb:111:in `call'
railties (5.1.4) lib/rails/engine.rb:522:in `call'
puma (3.10.0) lib/puma/configuration.rb:225:in `call'
puma (3.10.0) lib/puma/server.rb:605:in `handle_request'
puma (3.10.0) lib/puma/server.rb:437:in `process_client'
puma (3.10.0) lib/puma/server.rb:301:in `block in run'
puma (3.10.0) lib/puma/thread_pool.rb:120:in `block in spawn_thread'
Started GET "/" for 127.0.0.1 at 2017-11-06 08:57:28 +0100
Processing by AdminController#index as HTML
Completed 406 Not Acceptable in 364ms


  
ActionController::UnknownFormat (AdminController#index is missing a template for this request format and variant.

request.formats: ["text/html"]
request.variant: []

NOTE! For XHR/Ajax or API requests, this action would normally respond with 204 No Content: an empty white screen. Since you're loading it in a web browser, we assume that you expected to actually render a template, not nothing, so we're showing an error to be extra-clear. If you expect 204 No Content, carry on. That's what you'll get from an XHR or API request. Give it a shot.):
  
actionpack (5.1.4) lib/action_controller/metal/implicit_render.rb:53:in `default_render'
actionpack (5.1.4) lib/action_controller/metal/basic_implicit_render.rb:4:in `block in send_action'
actionpack (5.1.4) lib/action_controller/metal/basic_implicit_render.rb:4:in `tap'
actionpack (5.1.4) lib/action_controller/metal/basic_implicit_render.rb:4:in `send_action'
actionpack (5.1.4) lib/abstract_controller/base.rb:186:in `process_action'
actionpack (5.1.4) lib/action_controller/metal/rendering.rb:30:in `process_action'
actionpack (5.1.4) lib/abstract_controller/callbacks.rb:20:in `block in process_action'
activesupport (5.1.4) lib/active_support/callbacks.rb:131:in `run_callbacks'
actionpack (5.1.4) lib/abstract_controller/callbacks.rb:19:in `process_action'
actionpack (5.1.4) lib/action_controller/metal/rescue.rb:20:in `process_action'
actionpack (5.1.4) lib/action_controller/metal/instrumentation.rb:32:in `block in process_action'
activesupport (5.1.4) lib/active_support/notifications.rb:166:in `block in instrument'
activesupport (5.1.4) lib/active_support/notifications/instrumenter.rb:21:in `instrument'
activesupport (5.1.4) lib/active_support/notifications.rb:166:in `instrument'
actionpack (5.1.4) lib/action_controller/metal/instrumentation.rb:30:in `process_action'
actionpack (5.1.4) lib/action_controller/metal/params_wrapper.rb:252:in `process_action'
activerecord (5.1.4) lib/active_record/railties/controller_runtime.rb:22:in `process_action'
actionpack (5.1.4) lib/abstract_controller/base.rb:124:in `process'
actionview (5.1.4) lib/action_view/rendering.rb:30:in `process'
actionpack (5.1.4) lib/action_controller/metal.rb:189:in `dispatch'
actionpack (5.1.4) lib/action_controller/metal.rb:253:in `dispatch'
actionpack (5.1.4) lib/action_dispatch/routing/route_set.rb:49:in `dispatch'
actionpack (5.1.4) lib/action_dispatch/routing/route_set.rb:31:in `serve'
actionpack (5.1.4) lib/action_dispatch/journey/router.rb:50:in `block in serve'
actionpack (5.1.4) lib/action_dispatch/journey/router.rb:33:in `each'
actionpack (5.1.4) lib/action_dispatch/journey/router.rb:33:in `serve'
actionpack (5.1.4) lib/action_dispatch/routing/route_set.rb:834:in `call'
rack (2.0.3) lib/rack/etag.rb:25:in `call'
rack (2.0.3) lib/rack/conditional_get.rb:25:in `call'
rack (2.0.3) lib/rack/head.rb:12:in `call'
rack (2.0.3) lib/rack/session/abstract/id.rb:232:in `context'
rack (2.0.3) lib/rack/session/abstract/id.rb:226:in `call'
actionpack (5.1.4) lib/action_dispatch/middleware/cookies.rb:613:in `call'
activerecord (5.1.4) lib/active_record/migration.rb:556:in `call'
actionpack (5.1.4) lib/action_dispatch/middleware/callbacks.rb:26:in `block in call'
activesupport (5.1.4) lib/active_support/callbacks.rb:97:in `run_callbacks'
actionpack (5.1.4) lib/action_dispatch/middleware/callbacks.rb:24:in `call'
actionpack (5.1.4) lib/action_dispatch/middleware/executor.rb:12:in `call'
actionpack (5.1.4) lib/action_dispatch/middleware/debug_exceptions.rb:59:in `call'
web-console (3.5.1) lib/web_console/middleware.rb:135:in `call_app'
web-console (3.5.1) lib/web_console/middleware.rb:28:in `block in call'
web-console (3.5.1) lib/web_console/middleware.rb:18:in `catch'
web-console (3.5.1) lib/web_console/middleware.rb:18:in `call'
actionpack (5.1.4) lib/action_dispatch/middleware/show_exceptions.rb:31:in `call'
railties (5.1.4) lib/rails/rack/logger.rb:36:in `call_app'
railties (5.1.4) lib/rails/rack/logger.rb:24:in `block in call'
activesupport (5.1.4) lib/active_support/tagged_logging.rb:69:in `block in tagged'
activesupport (5.1.4) lib/active_support/tagged_logging.rb:26:in `tagged'
activesupport (5.1.4) lib/active_support/tagged_logging.rb:69:in `tagged'
railties (5.1.4) lib/rails/rack/logger.rb:24:in `call'
sprockets-rails (3.2.1) lib/sprockets/rails/quiet_assets.rb:13:in `call'
actionpack (5.1.4) lib/action_dispatch/middleware/remote_ip.rb:79:in `call'
actionpack (5.1.4) lib/action_dispatch/middleware/request_id.rb:25:in `call'
rack (2.0.3) lib/rack/method_override.rb:22:in `call'
rack (2.0.3) lib/rack/runtime.rb:22:in `call'
activesupport (5.1.4) lib/active_support/cache/strategy/local_cache_middleware.rb:27:in `call'
actionpack (5.1.4) lib/action_dispatch/middleware/executor.rb:12:in `call'
actionpack (5.1.4) lib/action_dispatch/middleware/static.rb:125:in `call'
rack (2.0.3) lib/rack/sendfile.rb:111:in `call'
railties (5.1.4) lib/rails/engine.rb:522:in `call'
puma (3.10.0) lib/puma/configuration.rb:225:in `call'
puma (3.10.0) lib/puma/server.rb:605:in `handle_request'
puma (3.10.0) lib/puma/server.rb:437:in `process_client'
puma (3.10.0) lib/puma/server.rb:301:in `block in run'
puma (3.10.0) lib/puma/thread_pool.rb:120:in `block in spawn_thread'
Started GET "/" for 127.0.0.1 at 2017-11-06 08:57:59 +0100
Processing by AdminController#index as HTML
  Rendering admin/index.html.erb within layouts/application
  Rendered admin/index.html.erb within layouts/application (0.5ms)
Completed 200 OK in 195ms (Views: 187.2ms)


Started GET "/" for 127.0.0.1 at 2017-11-06 09:01:47 +0100
Processing by AdminController#index as HTML
  Rendering admin/index.html.erb within layouts/application
  Rendered admin/index.html.erb within layouts/application (0.0ms)
Completed 200 OK in 59ms (Views: 51.0ms)


Started GET "/facilities" for 127.0.0.1 at 2017-11-06 09:01:52 +0100
Processing by FacilitiesController#index as HTML
  Rendering facilities/index.html.erb within layouts/application
  [1m[36mFacility Load (0.0ms)[0m  [1m[34mSELECT "facilities".* FROM "facilities"[0m
  Rendered facilities/index.html.erb within layouts/application (8.0ms)
Completed 200 OK in 66ms (Views: 54.9ms | ActiveRecord: 2.1ms)


Started GET "/facilities" for 127.0.0.1 at 2017-11-06 09:02:43 +0100
Processing by FacilitiesController#index as HTML
  Rendering facilities/index.html.erb within layouts/application
  [1m[36mFacility Load (0.0ms)[0m  [1m[34mSELECT "facilities".* FROM "facilities"[0m
  Rendered facilities/index.html.erb within layouts/application (3.0ms)
Completed 200 OK in 61ms (Views: 52.6ms | ActiveRecord: 0.0ms)


Started GET "/facility_items" for 127.0.0.1 at 2017-11-06 09:02:45 +0100
Processing by FacilityItemsController#index as HTML
  Rendering facility_items/index.html.erb within layouts/application
  [1m[36mFacilityItem Load (0.0ms)[0m  [1m[34mSELECT "facility_items".* FROM "facility_items"[0m
  Rendered facility_items/index.html.erb within layouts/application (3.0ms)
Completed 200 OK in 61ms (Views: 52.0ms | ActiveRecord: 0.0ms)


Started GET "/facilities" for 127.0.0.1 at 2017-11-06 09:02:47 +0100
Processing by FacilitiesController#index as HTML
  Rendering facilities/index.html.erb within layouts/application
  [1m[36mFacility Load (0.0ms)[0m  [1m[34mSELECT "facilities".* FROM "facilities"[0m
  Rendered facilities/index.html.erb within layouts/application (2.7ms)
Completed 200 OK in 60ms (Views: 51.8ms | ActiveRecord: 0.0ms)


Started GET "/facility_items" for 127.0.0.1 at 2017-11-06 09:02:48 +0100
Processing by FacilityItemsController#index as HTML
  Rendering facility_items/index.html.erb within layouts/application
  [1m[36mFacilityItem Load (0.0ms)[0m  [1m[34mSELECT "facility_items".* FROM "facility_items"[0m
  Rendered facility_items/index.html.erb within layouts/application (2.0ms)
Completed 200 OK in 60ms (Views: 51.9ms | ActiveRecord: 0.0ms)


Started GET "/facilities" for 127.0.0.1 at 2017-11-06 09:02:48 +0100
Processing by FacilitiesController#index as HTML
  Rendering facilities/index.html.erb within layouts/application
  [1m[36mFacility Load (0.0ms)[0m  [1m[34mSELECT "facilities".* FROM "facilities"[0m
  Rendered facilities/index.html.erb within layouts/application (2.8ms)
Completed 200 OK in 59ms (Views: 50.3ms | ActiveRecord: 0.0ms)


Started GET "/facility_items" for 127.0.0.1 at 2017-11-06 09:02:49 +0100
Processing by FacilityItemsController#index as HTML
  Rendering facility_items/index.html.erb within layouts/application
  [1m[36mFacilityItem Load (0.0ms)[0m  [1m[34mSELECT "facility_items".* FROM "facility_items"[0m
  Rendered facility_items/index.html.erb within layouts/application (2.5ms)
Completed 200 OK in 59ms (Views: 50.8ms | ActiveRecord: 0.0ms)


Started GET "/facilities" for 127.0.0.1 at 2017-11-06 09:02:50 +0100
Processing by FacilitiesController#index as HTML
  Rendering facilities/index.html.erb within layouts/application
  [1m[36mFacility Load (0.0ms)[0m  [1m[34mSELECT "facilities".* FROM "facilities"[0m
  Rendered facilities/index.html.erb within layouts/application (2.6ms)
Completed 200 OK in 60ms (Views: 52.2ms | ActiveRecord: 0.0ms)


Started GET "/facility_items" for 127.0.0.1 at 2017-11-06 09:02:51 +0100
Processing by FacilityItemsController#index as HTML
  Rendering facility_items/index.html.erb within layouts/application
  [1m[36mFacilityItem Load (0.0ms)[0m  [1m[34mSELECT "facility_items".* FROM "facility_items"[0m
  Rendered facility_items/index.html.erb within layouts/application (3.1ms)
Completed 200 OK in 58ms (Views: 50.6ms | ActiveRecord: 0.0ms)


Started GET "/facilities" for 127.0.0.1 at 2017-11-06 09:02:52 +0100
Processing by FacilitiesController#index as HTML
  Rendering facilities/index.html.erb within layouts/application
  [1m[36mFacility Load (0.0ms)[0m  [1m[34mSELECT "facilities".* FROM "facilities"[0m
  Rendered facilities/index.html.erb within layouts/application (3.0ms)
Completed 200 OK in 63ms (Views: 55.6ms | ActiveRecord: 0.0ms)


Started GET "/facility_items" for 127.0.0.1 at 2017-11-06 09:02:53 +0100
Processing by FacilityItemsController#index as HTML
  Rendering facility_items/index.html.erb within layouts/application
  [1m[36mFacilityItem Load (1.0ms)[0m  [1m[34mSELECT "facility_items".* FROM "facility_items"[0m
  Rendered facility_items/index.html.erb within layouts/application (1.7ms)
Completed 200 OK in 61ms (Views: 51.7ms | ActiveRecord: 1.0ms)


Started GET "/facilities" for 127.0.0.1 at 2017-11-06 09:02:54 +0100
Processing by FacilitiesController#index as HTML
  Rendering facilities/index.html.erb within layouts/application
  [1m[36mFacility Load (1.0ms)[0m  [1m[34mSELECT "facilities".* FROM "facilities"[0m
  Rendered facilities/index.html.erb within layouts/application (2.4ms)
Completed 200 OK in 62ms (Views: 53.5ms | ActiveRecord: 1.0ms)


Started GET "/facility_items" for 127.0.0.1 at 2017-11-06 09:02:54 +0100
Processing by FacilityItemsController#index as HTML
  Rendering facility_items/index.html.erb within layouts/application
  [1m[36mFacilityItem Load (0.0ms)[0m  [1m[34mSELECT "facility_items".* FROM "facility_items"[0m
  Rendered facility_items/index.html.erb within layouts/application (2.7ms)
Completed 200 OK in 63ms (Views: 54.8ms | ActiveRecord: 0.0ms)


Started GET "/facilities" for 127.0.0.1 at 2017-11-06 09:02:55 +0100
Processing by FacilitiesController#index as HTML
  Rendering facilities/index.html.erb within layouts/application
  [1m[36mFacility Load (0.0ms)[0m  [1m[34mSELECT "facilities".* FROM "facilities"[0m
  Rendered facilities/index.html.erb within layouts/application (3.1ms)
Completed 200 OK in 62ms (Views: 53.9ms | ActiveRecord: 0.0ms)


Started GET "/facility_items" for 127.0.0.1 at 2017-11-06 09:02:56 +0100
Processing by FacilityItemsController#index as HTML
  Rendering facility_items/index.html.erb within layouts/application
  [1m[36mFacilityItem Load (0.0ms)[0m  [1m[34mSELECT "facility_items".* FROM "facility_items"[0m
  Rendered facility_items/index.html.erb within layouts/application (2.5ms)
Completed 200 OK in 61ms (Views: 52.3ms | ActiveRecord: 0.0ms)


Started GET "/facilities" for 127.0.0.1 at 2017-11-06 09:02:56 +0100
Processing by FacilitiesController#index as HTML
  Rendering facilities/index.html.erb within layouts/application
  [1m[36mFacility Load (0.0ms)[0m  [1m[34mSELECT "facilities".* FROM "facilities"[0m
  Rendered facilities/index.html.erb within layouts/application (3.0ms)
Completed 200 OK in 62ms (Views: 53.1ms | ActiveRecord: 0.0ms)


Started GET "/facilities" for 127.0.0.1 at 2017-11-06 09:03:53 +0100
Processing by FacilitiesController#index as HTML
  Rendering facilities/index.html.erb within layouts/application
  [1m[36mFacility Load (0.0ms)[0m  [1m[34mSELECT "facilities".* FROM "facilities"[0m
  Rendered facilities/index.html.erb within layouts/application (3.0ms)
Completed 200 OK in 59ms (Views: 52.4ms | ActiveRecord: 0.0ms)


Started GET "/facility_items" for 127.0.0.1 at 2017-11-06 09:03:54 +0100
Processing by FacilityItemsController#index as HTML
  Rendering facility_items/index.html.erb within layouts/application
  [1m[36mFacilityItem Load (1.0ms)[0m  [1m[34mSELECT "facility_items".* FROM "facility_items"[0m
  Rendered facility_items/index.html.erb within layouts/application (3.0ms)
Completed 200 OK in 60ms (Views: 51.3ms | ActiveRecord: 1.0ms)


Started GET "/facilities" for 127.0.0.1 at 2017-11-06 09:03:54 +0100
Processing by FacilitiesController#index as HTML
  Rendering facilities/index.html.erb within layouts/application
  [1m[36mFacility Load (0.0ms)[0m  [1m[34mSELECT "facilities".* FROM "facilities"[0m
  Rendered facilities/index.html.erb within layouts/application (2.0ms)
Completed 200 OK in 57ms (Views: 50.0ms | ActiveRecord: 0.0ms)


Started GET "/facility_items" for 127.0.0.1 at 2017-11-06 09:03:55 +0100
Processing by FacilityItemsController#index as HTML
  Rendering facility_items/index.html.erb within layouts/application
  [1m[36mFacilityItem Load (0.0ms)[0m  [1m[34mSELECT "facility_items".* FROM "facility_items"[0m
  Rendered facility_items/index.html.erb within layouts/application (2.0ms)
Completed 200 OK in 59ms (Views: 49.8ms | ActiveRecord: 0.0ms)


Started GET "/facilities" for 127.0.0.1 at 2017-11-06 09:03:55 +0100
Processing by FacilitiesController#index as HTML
  Rendering facilities/index.html.erb within layouts/application
  [1m[36mFacility Load (0.0ms)[0m  [1m[34mSELECT "facilities".* FROM "facilities"[0m
  Rendered facilities/index.html.erb within layouts/application (3.2ms)
Completed 200 OK in 57ms (Views: 50.1ms | ActiveRecord: 0.0ms)


Started GET "/facility_items" for 127.0.0.1 at 2017-11-06 09:03:56 +0100
Processing by FacilityItemsController#index as HTML
  Rendering facility_items/index.html.erb within layouts/application
  [1m[36mFacilityItem Load (0.0ms)[0m  [1m[34mSELECT "facility_items".* FROM "facility_items"[0m
  Rendered facility_items/index.html.erb within layouts/application (2.7ms)
Completed 200 OK in 60ms (Views: 51.4ms | ActiveRecord: 0.0ms)


Started GET "/facilities" for 127.0.0.1 at 2017-11-06 09:03:56 +0100
Processing by FacilitiesController#index as HTML
  Rendering facilities/index.html.erb within layouts/application
  [1m[36mFacility Load (1.0ms)[0m  [1m[34mSELECT "facilities".* FROM "facilities"[0m
  Rendered facilities/index.html.erb within layouts/application (3.0ms)
Completed 200 OK in 58ms (Views: 49.6ms | ActiveRecord: 1.0ms)


Started GET "/facility_items" for 127.0.0.1 at 2017-11-06 09:03:57 +0100
Processing by FacilityItemsController#index as HTML
  Rendering facility_items/index.html.erb within layouts/application
  [1m[36mFacilityItem Load (0.0ms)[0m  [1m[34mSELECT "facility_items".* FROM "facility_items"[0m
  Rendered facility_items/index.html.erb within layouts/application (2.1ms)
Completed 200 OK in 63ms (Views: 54.3ms | ActiveRecord: 0.0ms)


Started GET "/facilities" for 127.0.0.1 at 2017-11-06 09:03:57 +0100
Processing by FacilitiesController#index as HTML
  Rendering facilities/index.html.erb within layouts/application
  [1m[36mFacility Load (1.0ms)[0m  [1m[34mSELECT "facilities".* FROM "facilities"[0m
  Rendered facilities/index.html.erb within layouts/application (3.0ms)
Completed 200 OK in 62ms (Views: 52.1ms | ActiveRecord: 1.0ms)


Started GET "/facility_items" for 127.0.0.1 at 2017-11-06 09:03:58 +0100
Processing by FacilityItemsController#index as HTML
  Rendering facility_items/index.html.erb within layouts/application
  [1m[36mFacilityItem Load (0.0ms)[0m  [1m[34mSELECT "facility_items".* FROM "facility_items"[0m
  Rendered facility_items/index.html.erb within layouts/application (3.3ms)
Completed 200 OK in 63ms (Views: 55.7ms | ActiveRecord: 0.0ms)


Started GET "/facilities" for 127.0.0.1 at 2017-11-06 09:03:58 +0100
Processing by FacilitiesController#index as HTML
  Rendering facilities/index.html.erb within layouts/application
  [1m[36mFacility Load (0.0ms)[0m  [1m[34mSELECT "facilities".* FROM "facilities"[0m
  Rendered facilities/index.html.erb within layouts/application (3.0ms)
Completed 200 OK in 62ms (Views: 53.7ms | ActiveRecord: 0.0ms)


Started GET "/facility_items" for 127.0.0.1 at 2017-11-06 09:03:59 +0100
Processing by FacilityItemsController#index as HTML
  Rendering facility_items/index.html.erb within layouts/application
  [1m[36mFacilityItem Load (0.0ms)[0m  [1m[34mSELECT "facility_items".* FROM "facility_items"[0m
  Rendered facility_items/index.html.erb within layouts/application (3.0ms)
Completed 200 OK in 60ms (Views: 52.2ms | ActiveRecord: 0.0ms)


Started GET "/facilities" for 127.0.0.1 at 2017-11-06 09:03:59 +0100
Processing by FacilitiesController#index as HTML
  Rendering facilities/index.html.erb within layouts/application
  [1m[36mFacility Load (0.0ms)[0m  [1m[34mSELECT "facilities".* FROM "facilities"[0m
  Rendered facilities/index.html.erb within layouts/application (2.8ms)
Completed 200 OK in 58ms (Views: 50.6ms | ActiveRecord: 0.0ms)


Started GET "/facility_items" for 127.0.0.1 at 2017-11-06 09:04:00 +0100
Processing by FacilityItemsController#index as HTML
  Rendering facility_items/index.html.erb within layouts/application
  [1m[36mFacilityItem Load (1.0ms)[0m  [1m[34mSELECT "facility_items".* FROM "facility_items"[0m
  Rendered facility_items/index.html.erb within layouts/application (2.0ms)
Completed 200 OK in 57ms (Views: 49.2ms | ActiveRecord: 1.0ms)


Started GET "/facilities" for 127.0.0.1 at 2017-11-06 09:04:00 +0100
Processing by FacilitiesController#index as HTML
  Rendering facilities/index.html.erb within layouts/application
  [1m[36mFacility Load (0.0ms)[0m  [1m[34mSELECT "facilities".* FROM "facilities"[0m
  Rendered facilities/index.html.erb within layouts/application (3.5ms)
Completed 200 OK in 59ms (Views: 51.6ms | ActiveRecord: 0.0ms)


Started GET "/facilities" for 127.0.0.1 at 2017-11-06 09:04:01 +0100
Processing by FacilitiesController#index as HTML
  Rendering facilities/index.html.erb within layouts/application
  [1m[36mFacility Load (0.0ms)[0m  [1m[34mSELECT "facilities".* FROM "facilities"[0m
  Rendered facilities/index.html.erb within layouts/application (2.0ms)
Completed 200 OK in 60ms (Views: 51.7ms | ActiveRecord: 0.0ms)


Started GET "/facility_items" for 127.0.0.1 at 2017-11-06 09:04:02 +0100
Processing by FacilityItemsController#index as HTML
  Rendering facility_items/index.html.erb within layouts/application
  [1m[36mFacilityItem Load (0.0ms)[0m  [1m[34mSELECT "facility_items".* FROM "facility_items"[0m
  Rendered facility_items/index.html.erb within layouts/application (3.1ms)
Completed 200 OK in 60ms (Views: 52.4ms | ActiveRecord: 0.0ms)


Started GET "/facilities" for 127.0.0.1 at 2017-11-06 09:04:02 +0100
Processing by FacilitiesController#index as HTML
  Rendering facilities/index.html.erb within layouts/application
  [1m[36mFacility Load (0.0ms)[0m  [1m[34mSELECT "facilities".* FROM "facilities"[0m
  Rendered facilities/index.html.erb within layouts/application (2.5ms)
Completed 200 OK in 57ms (Views: 48.3ms | ActiveRecord: 0.0ms)


Started GET "/facility_items" for 127.0.0.1 at 2017-11-06 09:04:03 +0100
Processing by FacilityItemsController#index as HTML
  Rendering facility_items/index.html.erb within layouts/application
  [1m[36mFacilityItem Load (0.0ms)[0m  [1m[34mSELECT "facility_items".* FROM "facility_items"[0m
  Rendered facility_items/index.html.erb within layouts/application (2.0ms)
Completed 200 OK in 57ms (Views: 48.8ms | ActiveRecord: 0.0ms)


Started GET "/facilities" for 127.0.0.1 at 2017-11-06 09:04:04 +0100
Processing by FacilitiesController#index as HTML
  Rendering facilities/index.html.erb within layouts/application
  [1m[36mFacility Load (0.0ms)[0m  [1m[34mSELECT "facilities".* FROM "facilities"[0m
  Rendered facilities/index.html.erb within layouts/application (2.3ms)
Completed 200 OK in 58ms (Views: 50.7ms | ActiveRecord: 0.0ms)


Started GET "/facility_items" for 127.0.0.1 at 2017-11-06 09:04:04 +0100
Processing by FacilityItemsController#index as HTML
  Rendering facility_items/index.html.erb within layouts/application
  [1m[36mFacilityItem Load (0.0ms)[0m  [1m[34mSELECT "facility_items".* FROM "facility_items"[0m
  Rendered facility_items/index.html.erb within layouts/application (2.0ms)
Completed 200 OK in 59ms (Views: 49.7ms | ActiveRecord: 0.0ms)


Started GET "/facilities" for 127.0.0.1 at 2017-11-06 09:04:05 +0100
Processing by FacilitiesController#index as HTML
  Rendering facilities/index.html.erb within layouts/application
  [1m[36mFacility Load (0.0ms)[0m  [1m[34mSELECT "facilities".* FROM "facilities"[0m
  Rendered facilities/index.html.erb within layouts/application (3.0ms)
Completed 200 OK in 61ms (Views: 54.4ms | ActiveRecord: 0.0ms)


Started GET "/facility_items" for 127.0.0.1 at 2017-11-06 09:04:06 +0100
Processing by FacilityItemsController#index as HTML
  Rendering facility_items/index.html.erb within layouts/application
  [1m[36mFacilityItem Load (0.0ms)[0m  [1m[34mSELECT "facility_items".* FROM "facility_items"[0m
  Rendered facility_items/index.html.erb within layouts/application (3.3ms)
Completed 200 OK in 61ms (Views: 53.9ms | ActiveRecord: 0.0ms)


Started GET "/facilities" for 127.0.0.1 at 2017-11-06 09:04:06 +0100
Processing by FacilitiesController#index as HTML
  Rendering facilities/index.html.erb within layouts/application
  [1m[36mFacility Load (1.0ms)[0m  [1m[34mSELECT "facilities".* FROM "facilities"[0m
  Rendered facilities/index.html.erb within layouts/application (2.5ms)
Completed 200 OK in 62ms (Views: 53.3ms | ActiveRecord: 1.0ms)


Started GET "/facility_items" for 127.0.0.1 at 2017-11-06 09:04:07 +0100
Processing by FacilityItemsController#index as HTML
  Rendering facility_items/index.html.erb within layouts/application
  [1m[36mFacilityItem Load (0.0ms)[0m  [1m[34mSELECT "facility_items".* FROM "facility_items"[0m
  Rendered facility_items/index.html.erb within layouts/application (2.0ms)
Completed 200 OK in 61ms (Views: 52.7ms | ActiveRecord: 0.0ms)


Started GET "/facilities" for 127.0.0.1 at 2017-11-06 09:04:07 +0100
Processing by FacilitiesController#index as HTML
  Rendering facilities/index.html.erb within layouts/application
  [1m[36mFacility Load (0.5ms)[0m  [1m[34mSELECT "facilities".* FROM "facilities"[0m
  Rendered facilities/index.html.erb within layouts/application (3.0ms)
Completed 200 OK in 60ms (Views: 51.4ms | ActiveRecord: 0.5ms)


Started GET "/facilities" for 127.0.0.1 at 2017-11-06 09:08:19 +0100
Processing by FacilitiesController#index as HTML
  Rendering facilities/index.html.erb within layouts/application
  [1m[36mFacility Load (0.0ms)[0m  [1m[34mSELECT "facilities".* FROM "facilities"[0m
  Rendered facilities/index.html.erb within layouts/application (6.0ms)
Completed 200 OK in 72ms (Views: 60.7ms | ActiveRecord: 1.0ms)


Started GET "/facilities/new" for 127.0.0.1 at 2017-11-06 09:08:23 +0100
Processing by FacilitiesController#new as HTML
  Rendering facilities/new.html.erb within layouts/application
  Rendered facilities/_form.html.erb (1.0ms)
  Rendered facilities/new.html.erb within layouts/application (8.0ms)
Completed 200 OK in 66ms (Views: 57.1ms | ActiveRecord: 0.0ms)


Started POST "/facilities" for 127.0.0.1 at 2017-11-06 09:08:24 +0100
Processing by FacilitiesController#create as HTML
  Parameters: {"utf8"=>"✓", "authenticity_token"=>"5tW1CViHni9Kz6OnQaWzY86K14y641Vy4BxYQPHijVL/lFqu+xh9m7RTlpktDpYv28JGTaJc+GeYwc7NiX34WA==", "facility"=>{"name"=>""}, "commit"=>"Create Facility"}
  [1m[35m (0.0ms)[0m  [1m[36mbegin transaction[0m
  [1m[35m (0.0ms)[0m  [1m[31mrollback transaction[0m
  Rendering facilities/new.html.erb within layouts/application
  Rendered facilities/_form.html.erb (2.0ms)
  Rendered facilities/new.html.erb within layouts/application (9.0ms)
Completed 200 OK in 63ms (Views: 60.4ms | ActiveRecord: 0.0ms)


Started GET "/facilities" for 127.0.0.1 at 2017-11-06 09:08:32 +0100
Processing by FacilitiesController#index as HTML
  Rendering facilities/index.html.erb within layouts/application
  [1m[36mFacility Load (0.0ms)[0m  [1m[34mSELECT "facilities".* FROM "facilities"[0m
  Rendered facilities/index.html.erb within layouts/application (3.0ms)
Completed 200 OK in 60ms (Views: 51.6ms | ActiveRecord: 0.0ms)


Started GET "/facility_items" for 127.0.0.1 at 2017-11-06 09:14:39 +0100
Processing by FacilityItemsController#index as HTML
  Rendering facility_items/index.html.erb within layouts/application
  [1m[36mFacilityItem Load (1.0ms)[0m  [1m[34mSELECT "facility_items".* FROM "facility_items"[0m
  Rendered facility_items/index.html.erb within layouts/application (4.0ms)
Completed 200 OK in 74ms (Views: 51.3ms | ActiveRecord: 1.0ms)


Started GET "/facility_items/new" for 127.0.0.1 at 2017-11-06 09:14:40 +0100
Processing by FacilityItemsController#new as HTML
  Rendering facility_items/new.html.erb within layouts/application
  Rendered facility_items/_form.html.erb (6.4ms)
  Rendered facility_items/new.html.erb within layouts/application (13.8ms)
Completed 200 OK in 72ms (Views: 60.4ms | ActiveRecord: 1.0ms)


Started POST "/facility_items" for 127.0.0.1 at 2017-11-06 09:18:10 +0100
Processing by FacilityItemsController#create as HTML
  Parameters: {"utf8"=>"✓", "authenticity_token"=>"Wt+Rh4ObJkZa/OF8cwGnFO+pcXzzhsPw1kHizELAxDQvRmSPRvOkErrRzUVVom9wnIAuR6cifOyBM5dBzkwW7g==", "facility_item"=>{"name"=>"Item 1", "facility_id"=>"1"}, "commit"=>"Create Facility item"}
  [1m[35m (0.0ms)[0m  [1m[36mbegin transaction[0m
  [1m[36mFacility Load (0.0ms)[0m  [1m[34mSELECT  "facilities".* FROM "facilities" WHERE "facilities"."id" = ? LIMIT ?[0m  [["id", 1], ["LIMIT", 1]]
  [1m[35mSQL (1.0ms)[0m  [1m[32mINSERT INTO "facility_items" ("name", "facility_id", "created_at", "updated_at") VALUES (?, ?, ?, ?)[0m  [["name", "Item 1"], ["facility_id", 1], ["created_at", "2017-11-06 08:18:10.676128"], ["updated_at", "2017-11-06 08:18:10.676128"]]
  [1m[35m (8.0ms)[0m  [1m[36mcommit transaction[0m
Redirected to http://localhost:3000/facility_items/1
Completed 302 Found in 73ms (ActiveRecord: 9.0ms)


Started GET "/facility_items/1" for 127.0.0.1 at 2017-11-06 09:18:10 +0100
Processing by FacilityItemsController#show as HTML
  Parameters: {"id"=>"1"}
  [1m[36mFacilityItem Load (0.0ms)[0m  [1m[34mSELECT  "facility_items".* FROM "facility_items" WHERE "facility_items"."id" = ? LIMIT ?[0m  [["id", 1], ["LIMIT", 1]]
  Rendering facility_items/show.html.erb within layouts/application
  Rendered facility_items/show.html.erb within layouts/application (1.0ms)
Completed 200 OK in 60ms (Views: 50.1ms | ActiveRecord: 0.0ms)


Started GET "/facility_items" for 127.0.0.1 at 2017-11-06 09:18:12 +0100
Processing by FacilityItemsController#index as HTML
  Rendering facility_items/index.html.erb within layouts/application
  [1m[36mFacilityItem Load (0.0ms)[0m  [1m[34mSELECT "facility_items".* FROM "facility_items"[0m
  Rendered facility_items/index.html.erb within layouts/application (2.0ms)
Completed 200 OK in 64ms (Views: 55.8ms | ActiveRecord: 0.0ms)


Started GET "/facilities" for 127.0.0.1 at 2017-11-06 09:18:14 +0100
Processing by FacilitiesController#index as HTML
  Rendering facilities/index.html.erb within layouts/application
  [1m[36mFacility Load (0.0ms)[0m  [1m[34mSELECT "facilities".* FROM "facilities"[0m
  Rendered facilities/index.html.erb within layouts/application (4.0ms)
Completed 200 OK in 61ms (Views: 53.4ms | ActiveRecord: 0.0ms)


Started GET "/facilities/1" for 127.0.0.1 at 2017-11-06 09:18:21 +0100
Processing by FacilitiesController#show as HTML
  Parameters: {"id"=>"1"}
  [1m[36mFacility Load (0.0ms)[0m  [1m[34mSELECT  "facilities".* FROM "facilities" WHERE "facilities"."id" = ? LIMIT ?[0m  [["id", 1], ["LIMIT", 1]]
  Rendering facilities/show.html.erb within layouts/application
  Rendered facilities/show.html.erb within layouts/application (0.0ms)
Completed 200 OK in 59ms (Views: 50.2ms | ActiveRecord: 0.0ms)


Started GET "/facilities/1" for 127.0.0.1 at 2017-11-06 09:19:46 +0100
Processing by FacilitiesController#show as HTML
  Parameters: {"id"=>"1"}
  [1m[36mFacility Load (0.0ms)[0m  [1m[34mSELECT  "facilities".* FROM "facilities" WHERE "facilities"."id" = ? LIMIT ?[0m  [["id", 1], ["LIMIT", 1]]
  Rendering facilities/show.html.erb within layouts/application
  Rendered facilities/show.html.erb within layouts/application (18.2ms)
Completed 500 Internal Server Error in 50ms (ActiveRecord: 0.0ms)


  
ActionView::Template::Error (undefined method `facilities_items' for #<Facility:0xc063588>
Did you mean?  facility_items
               facility_item_ids
               facility_items=):
    4:   <strong>Name:</strong>
    5:   <%= @facility.name %>
    6:   <strong>Items</strong>
    7:   <%= @facility.facilities_items %>
    8: </p>
    9: 
   10: <%= link_to 'Edit', edit_facility_path(@facility) %> |
  
app/views/facilities/show.html.erb:7:in `_app_views_facilities_show_html_erb__50458214_100864896'
Started GET "/facilities/1" for 127.0.0.1 at 2017-11-06 09:20:01 +0100
Processing by FacilitiesController#show as HTML
  Parameters: {"id"=>"1"}
  [1m[36mFacility Load (0.0ms)[0m  [1m[34mSELECT  "facilities".* FROM "facilities" WHERE "facilities"."id" = ? LIMIT ?[0m  [["id", 1], ["LIMIT", 1]]
  Rendering facilities/show.html.erb within layouts/application
  Rendered facilities/show.html.erb within layouts/application (22.0ms)
Completed 200 OK in 88ms (Views: 75.2ms | ActiveRecord: 0.0ms)


Started GET "/facilities/1" for 127.0.0.1 at 2017-11-06 09:20:13 +0100
Processing by FacilitiesController#show as HTML
  Parameters: {"id"=>"1"}
  [1m[36mFacility Load (0.0ms)[0m  [1m[34mSELECT  "facilities".* FROM "facilities" WHERE "facilities"."id" = ? LIMIT ?[0m  [["id", 1], ["LIMIT", 1]]
  Rendering facilities/show.html.erb within layouts/application
  [1m[35m (0.0ms)[0m  [1m[34mSELECT COUNT(*) FROM "facility_items" WHERE "facility_items"."facility_id" = ?[0m  [["facility_id", 1]]
  Rendered facilities/show.html.erb within layouts/application (3.0ms)
Completed 200 OK in 66ms (Views: 56.3ms | ActiveRecord: 0.0ms)


Started GET "/facility_items" for 127.0.0.1 at 2017-11-06 09:20:19 +0100
Processing by FacilityItemsController#index as HTML
  Rendering facility_items/index.html.erb within layouts/application
  [1m[36mFacilityItem Load (0.5ms)[0m  [1m[34mSELECT "facility_items".* FROM "facility_items"[0m
  Rendered facility_items/index.html.erb within layouts/application (2.5ms)
Completed 200 OK in 60ms (Views: 51.4ms | ActiveRecord: 0.5ms)


Started GET "/facility_items/new" for 127.0.0.1 at 2017-11-06 09:20:21 +0100
Processing by FacilityItemsController#new as HTML
  Rendering facility_items/new.html.erb within layouts/application
  Rendered facility_items/_form.html.erb (1.0ms)
  Rendered facility_items/new.html.erb within layouts/application (9.1ms)
Completed 200 OK in 65ms (Views: 57.4ms | ActiveRecord: 0.0ms)


Started POST "/facility_items" for 127.0.0.1 at 2017-11-06 09:20:28 +0100
Processing by FacilityItemsController#create as HTML
  Parameters: {"utf8"=>"✓", "authenticity_token"=>"8tKK+5PLWa4qAqS3IKojr2wX2CyMH5ZJXfyjOcMo+R+HS3/zVqPb+soviI4GCevLHz6HF9i7KVUKjta0T6QrxQ==", "facility_item"=>{"name"=>"Item 2", "facility_id"=>"1"}, "commit"=>"Create Facility item"}
  [1m[35m (0.0ms)[0m  [1m[36mbegin transaction[0m
  [1m[36mFacility Load (0.5ms)[0m  [1m[34mSELECT  "facilities".* FROM "facilities" WHERE "facilities"."id" = ? LIMIT ?[0m  [["id", 1], ["LIMIT", 1]]
  [1m[35mSQL (0.5ms)[0m  [1m[32mINSERT INTO "facility_items" ("name", "facility_id", "created_at", "updated_at") VALUES (?, ?, ?, ?)[0m  [["name", "Item 2"], ["facility_id", 1], ["created_at", "2017-11-06 08:20:28.486436"], ["updated_at", "2017-11-06 08:20:28.486436"]]
  [1m[35m (6.7ms)[0m  [1m[36mcommit transaction[0m
Redirected to http://localhost:3000/facility_items/2
Completed 302 Found in 14ms (ActiveRecord: 7.7ms)


Started GET "/facility_items/2" for 127.0.0.1 at 2017-11-06 09:20:28 +0100
Processing by FacilityItemsController#show as HTML
  Parameters: {"id"=>"2"}
  [1m[36mFacilityItem Load (0.0ms)[0m  [1m[34mSELECT  "facility_items".* FROM "facility_items" WHERE "facility_items"."id" = ? LIMIT ?[0m  [["id", 2], ["LIMIT", 1]]
  Rendering facility_items/show.html.erb within layouts/application
  Rendered facility_items/show.html.erb within layouts/application (0.0ms)
Completed 200 OK in 60ms (Views: 50.5ms | ActiveRecord: 0.0ms)


Started GET "/facilities" for 127.0.0.1 at 2017-11-06 09:20:30 +0100
Processing by FacilitiesController#index as HTML
  Rendering facilities/index.html.erb within layouts/application
  [1m[36mFacility Load (1.0ms)[0m  [1m[34mSELECT "facilities".* FROM "facilities"[0m
  Rendered facilities/index.html.erb within layouts/application (3.0ms)
Completed 200 OK in 60ms (Views: 50.8ms | ActiveRecord: 1.0ms)


Started GET "/facilities/1" for 127.0.0.1 at 2017-11-06 09:20:32 +0100
Processing by FacilitiesController#show as HTML
  Parameters: {"id"=>"1"}
  [1m[36mFacility Load (0.0ms)[0m  [1m[34mSELECT  "facilities".* FROM "facilities" WHERE "facilities"."id" = ? LIMIT ?[0m  [["id", 1], ["LIMIT", 1]]
  Rendering facilities/show.html.erb within layouts/application
  [1m[35m (0.0ms)[0m  [1m[34mSELECT COUNT(*) FROM "facility_items" WHERE "facility_items"."facility_id" = ?[0m  [["facility_id", 1]]
  Rendered facilities/show.html.erb within layouts/application (2.0ms)
Completed 200 OK in 60ms (Views: 50.2ms | ActiveRecord: 0.0ms)


Started GET "/facilities" for 127.0.0.1 at 2017-11-06 09:20:49 +0100
Processing by FacilitiesController#index as HTML
  Rendering facilities/index.html.erb within layouts/application
  [1m[36mFacility Load (0.0ms)[0m  [1m[34mSELECT "facilities".* FROM "facilities"[0m
  Rendered facilities/index.html.erb within layouts/application (3.0ms)
Completed 200 OK in 64ms (Views: 54.7ms | ActiveRecord: 0.0ms)


Started GET "/facilities/new" for 127.0.0.1 at 2017-11-06 09:20:50 +0100
Processing by FacilitiesController#new as HTML
  Rendering facilities/new.html.erb within layouts/application
  Rendered facilities/_form.html.erb (1.0ms)
  Rendered facilities/new.html.erb within layouts/application (8.0ms)
Completed 200 OK in 65ms (Views: 57.8ms | ActiveRecord: 0.0ms)


Started POST "/facilities" for 127.0.0.1 at 2017-11-06 09:21:01 +0100
Processing by FacilitiesController#create as HTML
  Parameters: {"utf8"=>"✓", "authenticity_token"=>"3QMN+AWdkzapnVdUdWGI9TuIqAbDRrcIxM4xeQOuRFnEQuJfpgJwglcBYmoZyq25LsA5x9v5Gh28E6f0ezExUw==", "facility"=>{"name"=>"Facility 2"}, "commit"=>"Create Facility"}
  [1m[35m (0.0ms)[0m  [1m[36mbegin transaction[0m
  [1m[35mSQL (1.0ms)[0m  [1m[32mINSERT INTO "facilities" ("name", "created_at", "updated_at") VALUES (?, ?, ?)[0m  [["name", "Facility 2"], ["created_at", "2017-11-06 08:21:01.307473"], ["updated_at", "2017-11-06 08:21:01.307473"]]
  [1m[35m (6.0ms)[0m  [1m[36mcommit transaction[0m
Redirected to http://localhost:3000/facilities/2
Completed 302 Found in 13ms (ActiveRecord: 7.0ms)


Started GET "/facilities/2" for 127.0.0.1 at 2017-11-06 09:21:01 +0100
Processing by FacilitiesController#show as HTML
  Parameters: {"id"=>"2"}
  [1m[36mFacility Load (0.0ms)[0m  [1m[34mSELECT  "facilities".* FROM "facilities" WHERE "facilities"."id" = ? LIMIT ?[0m  [["id", 2], ["LIMIT", 1]]
  Rendering facilities/show.html.erb within layouts/application
  [1m[35m (0.0ms)[0m  [1m[34mSELECT COUNT(*) FROM "facility_items" WHERE "facility_items"."facility_id" = ?[0m  [["facility_id", 2]]
  Rendered facilities/show.html.erb within layouts/application (2.0ms)
Completed 200 OK in 64ms (Views: 54.3ms | ActiveRecord: 0.0ms)


Started GET "/facility_items" for 127.0.0.1 at 2017-11-06 09:21:06 +0100
Processing by FacilityItemsController#index as HTML
  Rendering facility_items/index.html.erb within layouts/application
  [1m[36mFacilityItem Load (0.5ms)[0m  [1m[34mSELECT "facility_items".* FROM "facility_items"[0m
  Rendered facility_items/index.html.erb within layouts/application (3.0ms)
Completed 200 OK in 59ms (Views: 51.7ms | ActiveRecord: 0.5ms)


Started GET "/facility_items/new" for 127.0.0.1 at 2017-11-06 09:21:09 +0100
Processing by FacilityItemsController#new as HTML
  Rendering facility_items/new.html.erb within layouts/application
  Rendered facility_items/_form.html.erb (2.0ms)
  Rendered facility_items/new.html.erb within layouts/application (11.0ms)
Completed 200 OK in 66ms (Views: 59.1ms | ActiveRecord: 0.0ms)


Started POST "/facility_items" for 127.0.0.1 at 2017-11-06 09:21:16 +0100
Processing by FacilityItemsController#create as HTML
  Parameters: {"utf8"=>"✓", "authenticity_token"=>"asZK3+kfwMGGBDWNTbFD4ryrwCxUf0uFn5uwuFpdnbgfX7/XLHdClWYpGbRrEouGz4KfFwDb9JnI6cU11tFPYg==", "facility_item"=>{"name"=>"Item 1", "facility_id"=>"2"}, "commit"=>"Create Facility item"}
  [1m[35m (0.0ms)[0m  [1m[36mbegin transaction[0m
  [1m[36mFacility Load (0.0ms)[0m  [1m[34mSELECT  "facilities".* FROM "facilities" WHERE "facilities"."id" = ? LIMIT ?[0m  [["id", 2], ["LIMIT", 1]]
  [1m[35mSQL (1.0ms)[0m  [1m[32mINSERT INTO "facility_items" ("name", "facility_id", "created_at", "updated_at") VALUES (?, ?, ?, ?)[0m  [["name", "Item 1"], ["facility_id", 2], ["created_at", "2017-11-06 08:21:16.393136"], ["updated_at", "2017-11-06 08:21:16.393136"]]
  [1m[35m (7.0ms)[0m  [1m[36mcommit transaction[0m
Redirected to http://localhost:3000/facility_items/3
Completed 302 Found in 14ms (ActiveRecord: 8.0ms)


Started GET "/facility_items/3" for 127.0.0.1 at 2017-11-06 09:21:16 +0100
Processing by FacilityItemsController#show as HTML
  Parameters: {"id"=>"3"}
  [1m[36mFacilityItem Load (1.0ms)[0m  [1m[34mSELECT  "facility_items".* FROM "facility_items" WHERE "facility_items"."id" = ? LIMIT ?[0m  [["id", 3], ["LIMIT", 1]]
  Rendering facility_items/show.html.erb within layouts/application
  Rendered facility_items/show.html.erb within layouts/application (1.0ms)
Completed 200 OK in 59ms (Views: 50.1ms | ActiveRecord: 1.0ms)


Started GET "/facilities" for 127.0.0.1 at 2017-11-06 09:21:18 +0100
Processing by FacilitiesController#index as HTML
  Rendering facilities/index.html.erb within layouts/application
  [1m[36mFacility Load (0.0ms)[0m  [1m[34mSELECT "facilities".* FROM "facilities"[0m
  Rendered facilities/index.html.erb within layouts/application (3.0ms)
Completed 200 OK in 61ms (Views: 53.2ms | ActiveRecord: 0.0ms)


Started GET "/facilities/2" for 127.0.0.1 at 2017-11-06 09:21:22 +0100
Processing by FacilitiesController#show as HTML
  Parameters: {"id"=>"2"}
  [1m[36mFacility Load (0.0ms)[0m  [1m[34mSELECT  "facilities".* FROM "facilities" WHERE "facilities"."id" = ? LIMIT ?[0m  [["id", 2], ["LIMIT", 1]]
  Rendering facilities/show.html.erb within layouts/application
  [1m[35m (0.0ms)[0m  [1m[34mSELECT COUNT(*) FROM "facility_items" WHERE "facility_items"."facility_id" = ?[0m  [["facility_id", 2]]
  Rendered facilities/show.html.erb within layouts/application (3.0ms)
Completed 200 OK in 64ms (Views: 53.4ms | ActiveRecord: 0.0ms)


Started GET "/facilities" for 127.0.0.1 at 2017-11-06 09:21:24 +0100
Processing by FacilitiesController#index as HTML
  Rendering facilities/index.html.erb within layouts/application
  [1m[36mFacility Load (0.0ms)[0m  [1m[34mSELECT "facilities".* FROM "facilities"[0m
  Rendered facilities/index.html.erb within layouts/application (3.1ms)
Completed 200 OK in 61ms (Views: 52.5ms | ActiveRecord: 0.0ms)


Started GET "/facilities/1" for 127.0.0.1 at 2017-11-06 09:21:24 +0100
Processing by FacilitiesController#show as HTML
  Parameters: {"id"=>"1"}
  [1m[36mFacility Load (0.0ms)[0m  [1m[34mSELECT  "facilities".* FROM "facilities" WHERE "facilities"."id" = ? LIMIT ?[0m  [["id", 1], ["LIMIT", 1]]
  Rendering facilities/show.html.erb within layouts/application
  [1m[35m (0.0ms)[0m  [1m[34mSELECT COUNT(*) FROM "facility_items" WHERE "facility_items"."facility_id" = ?[0m  [["facility_id", 1]]
  Rendered facilities/show.html.erb within layouts/application (3.0ms)
Completed 200 OK in 59ms (Views: 50.4ms | ActiveRecord: 0.0ms)


Started GET "/facilities" for 127.0.0.1 at 2017-11-06 09:21:26 +0100
Processing by FacilitiesController#index as HTML
  Rendering facilities/index.html.erb within layouts/application
  [1m[36mFacility Load (1.0ms)[0m  [1m[34mSELECT "facilities".* FROM "facilities"[0m
  Rendered facilities/index.html.erb within layouts/application (3.0ms)
Completed 200 OK in 60ms (Views: 51.0ms | ActiveRecord: 1.0ms)


Started GET "/facilities" for 127.0.0.1 at 2017-11-06 09:23:45 +0100
Processing by FacilitiesController#index as HTML
  Rendering facilities/index.html.erb within layouts/application
  [1m[36mFacility Load (0.0ms)[0m  [1m[34mSELECT "facilities".* FROM "facilities"[0m
  Rendered facilities/index.html.erb within layouts/application (2.4ms)
Completed 200 OK in 64ms (Views: 54.3ms | ActiveRecord: 0.0ms)


Started GET "/facilities" for 127.0.0.1 at 2017-11-06 09:23:48 +0100
Processing by FacilitiesController#index as HTML
  Rendering facilities/index.html.erb within layouts/application
  [1m[36mFacility Load (0.0ms)[0m  [1m[34mSELECT "facilities".* FROM "facilities"[0m
  Rendered facilities/index.html.erb within layouts/application (4.0ms)
Completed 200 OK in 60ms (Views: 52.3ms | ActiveRecord: 0.0ms)


Started GET "/facilities/1" for 127.0.0.1 at 2017-11-06 09:23:50 +0100
Processing by FacilitiesController#show as HTML
  Parameters: {"id"=>"1"}
  [1m[36mFacility Load (1.0ms)[0m  [1m[34mSELECT  "facilities".* FROM "facilities" WHERE "facilities"."id" = ? LIMIT ?[0m  [["id", 1], ["LIMIT", 1]]
  Rendering facilities/show.html.erb within layouts/application
  Rendered facilities/show.html.erb within layouts/application (4.2ms)
Completed 500 Internal Server Error in 34ms (ActiveRecord: 1.0ms)


  
SyntaxError (C:/Sites/planning_admin/app/views/facilities/show.html.erb:7: syntax error, unexpected ')'
...facility_items.each di |item| );@output_buffer.safe_append='
...                               ^
C:/Sites/planning_admin/app/views/facilities/show.html.erb:9: syntax error, unexpected keyword_end, expecting ')'
'.freeze;   end 
               ^
C:/Sites/planning_admin/app/views/facilities/show.html.erb:16: syntax error, unexpected keyword_ensure, expecting ')'
C:/Sites/planning_admin/app/views/facilities/show.html.erb:18: syntax error, unexpected keyword_end, expecting ')'):
  
app/views/facilities/show.html.erb:7: syntax error, unexpected ')'
app/views/facilities/show.html.erb:9: syntax error, unexpected keyword_end, expecting ')'
app/views/facilities/show.html.erb:16: syntax error, unexpected keyword_ensure, expecting ')'
app/views/facilities/show.html.erb:18: syntax error, unexpected keyword_end, expecting ')'
Started GET "/facilities/1" for 127.0.0.1 at 2017-11-06 09:24:23 +0100
Processing by FacilitiesController#show as HTML
  Parameters: {"id"=>"1"}
  [1m[36mFacility Load (0.0ms)[0m  [1m[34mSELECT  "facilities".* FROM "facilities" WHERE "facilities"."id" = ? LIMIT ?[0m  [["id", 1], ["LIMIT", 1]]
  Rendering facilities/show.html.erb within layouts/application
  [1m[36mFacilityItem Load (0.0ms)[0m  [1m[34mSELECT "facility_items".* FROM "facility_items" WHERE "facility_items"."facility_id" = ?[0m  [["facility_id", 1]]
  Rendered facilities/show.html.erb within layouts/application (18.5ms)
Completed 200 OK in 81ms (Views: 71.1ms | ActiveRecord: 0.0ms)


Started GET "/facility_items/1" for 127.0.0.1 at 2017-11-06 09:24:37 +0100
Processing by FacilityItemsController#show as HTML
  Parameters: {"id"=>"1"}
  [1m[36mFacilityItem Load (1.0ms)[0m  [1m[34mSELECT  "facility_items".* FROM "facility_items" WHERE "facility_items"."id" = ? LIMIT ?[0m  [["id", 1], ["LIMIT", 1]]
  Rendering facility_items/show.html.erb within layouts/application
  Rendered facility_items/show.html.erb within layouts/application (0.0ms)
Completed 200 OK in 59ms (Views: 49.4ms | ActiveRecord: 1.0ms)


Started GET "/facility_items" for 127.0.0.1 at 2017-11-06 09:24:41 +0100
Processing by FacilityItemsController#index as HTML
  Rendering facility_items/index.html.erb within layouts/application
  [1m[36mFacilityItem Load (0.0ms)[0m  [1m[34mSELECT "facility_items".* FROM "facility_items"[0m
  Rendered facility_items/index.html.erb within layouts/application (3.0ms)
Completed 200 OK in 62ms (Views: 54.0ms | ActiveRecord: 0.0ms)


Started GET "/facilities" for 127.0.0.1 at 2017-11-06 09:24:44 +0100
Processing by FacilitiesController#index as HTML
  Rendering facilities/index.html.erb within layouts/application
  [1m[36mFacility Load (1.0ms)[0m  [1m[34mSELECT "facilities".* FROM "facilities"[0m
  Rendered facilities/index.html.erb within layouts/application (2.5ms)
Completed 200 OK in 61ms (Views: 50.7ms | ActiveRecord: 1.0ms)


Started GET "/facilities/1" for 127.0.0.1 at 2017-11-06 09:24:46 +0100
Processing by FacilitiesController#show as HTML
  Parameters: {"id"=>"1"}
  [1m[36mFacility Load (1.0ms)[0m  [1m[34mSELECT  "facilities".* FROM "facilities" WHERE "facilities"."id" = ? LIMIT ?[0m  [["id", 1], ["LIMIT", 1]]
  Rendering facilities/show.html.erb within layouts/application
  [1m[36mFacilityItem Load (0.0ms)[0m  [1m[34mSELECT "facility_items".* FROM "facility_items" WHERE "facility_items"."facility_id" = ?[0m  [["facility_id", 1]]
  Rendered facilities/show.html.erb within layouts/application (3.0ms)
Completed 200 OK in 63ms (Views: 52.5ms | ActiveRecord: 1.0ms)


Started GET "/facility_items/2" for 127.0.0.1 at 2017-11-06 09:24:49 +0100
Processing by FacilityItemsController#show as HTML
  Parameters: {"id"=>"2"}
  [1m[36mFacilityItem Load (1.0ms)[0m  [1m[34mSELECT  "facility_items".* FROM "facility_items" WHERE "facility_items"."id" = ? LIMIT ?[0m  [["id", 2], ["LIMIT", 1]]
  Rendering facility_items/show.html.erb within layouts/application
  Rendered facility_items/show.html.erb within layouts/application (0.0ms)
Completed 200 OK in 58ms (Views: 49.3ms | ActiveRecord: 1.0ms)


Started GET "/facilities" for 127.0.0.1 at 2017-11-06 09:24:52 +0100
Processing by FacilitiesController#index as HTML
  Rendering facilities/index.html.erb within layouts/application
  [1m[36mFacility Load (0.0ms)[0m  [1m[34mSELECT "facilities".* FROM "facilities"[0m
  Rendered facilities/index.html.erb within layouts/application (2.9ms)
Completed 200 OK in 63ms (Views: 52.9ms | ActiveRecord: 0.0ms)


Started GET "/facilities/1" for 127.0.0.1 at 2017-11-06 09:24:54 +0100
Processing by FacilitiesController#show as HTML
  Parameters: {"id"=>"1"}
  [1m[36mFacility Load (0.0ms)[0m  [1m[34mSELECT  "facilities".* FROM "facilities" WHERE "facilities"."id" = ? LIMIT ?[0m  [["id", 1], ["LIMIT", 1]]
  Rendering facilities/show.html.erb within layouts/application
  [1m[36mFacilityItem Load (1.0ms)[0m  [1m[34mSELECT "facility_items".* FROM "facility_items" WHERE "facility_items"."facility_id" = ?[0m  [["facility_id", 1]]
  Rendered facilities/show.html.erb within layouts/application (2.3ms)
Completed 200 OK in 60ms (Views: 50.5ms | ActiveRecord: 1.0ms)


Started GET "/facilities/1" for 127.0.0.1 at 2017-11-06 09:25:35 +0100
Processing by FacilitiesController#show as HTML
  Parameters: {"id"=>"1"}
  [1m[36mFacility Load (0.0ms)[0m  [1m[34mSELECT  "facilities".* FROM "facilities" WHERE "facilities"."id" = ? LIMIT ?[0m  [["id", 1], ["LIMIT", 1]]
  Rendering facilities/show.html.erb within layouts/application
  [1m[36mFacilityItem Load (0.0ms)[0m  [1m[34mSELECT "facility_items".* FROM "facility_items" WHERE "facility_items"."facility_id" = ?[0m  [["facility_id", 1]]
  Rendered facilities/show.html.erb within layouts/application (154.8ms)
Completed 500 Internal Server Error in 186ms (ActiveRecord: 0.0ms)


  
ActionView::Template::Error (undefined local variable or method `item_path' for #<#<Class:0xb8032f0>:0xa045290>):
     5:   <%= @facility.name %>
     6:   <strong>Items</strong>
     7:   <%= @facility.facility_items.each do |item| %>
     8:     <%= link_to  item.name, item_path %>
     9:   <% end %>
    10: </p>
    11: 
  
app/views/facilities/show.html.erb:8:in `block in _app_views_facilities_show_html_erb__50458214_84028512'
app/views/facilities/show.html.erb:7:in `_app_views_facilities_show_html_erb__50458214_84028512'
Started GET "/facilities/1" for 127.0.0.1 at 2017-11-06 09:25:49 +0100
Processing by FacilitiesController#show as HTML
  Parameters: {"id"=>"1"}
  [1m[36mFacility Load (0.0ms)[0m  [1m[34mSELECT  "facilities".* FROM "facilities" WHERE "facilities"."id" = ? LIMIT ?[0m  [["id", 1], ["LIMIT", 1]]
  Rendering facilities/show.html.erb within layouts/application
  [1m[36mFacilityItem Load (0.0ms)[0m  [1m[34mSELECT "facility_items".* FROM "facility_items" WHERE "facility_items"."facility_id" = ?[0m  [["facility_id", 1]]
  Rendered facilities/show.html.erb within layouts/application (3.0ms)
Completed 200 OK in 69ms (Views: 59.3ms | ActiveRecord: 0.0ms)


Started GET "/facilities/1" for 127.0.0.1 at 2017-11-06 09:26:11 +0100
Processing by FacilitiesController#show as HTML
  Parameters: {"id"=>"1"}
  [1m[36mFacility Load (0.0ms)[0m  [1m[34mSELECT  "facilities".* FROM "facilities" WHERE "facilities"."id" = ? LIMIT ?[0m  [["id", 1], ["LIMIT", 1]]
  Rendering facilities/show.html.erb within layouts/application
  [1m[36mFacilityItem Load (0.0ms)[0m  [1m[34mSELECT "facility_items".* FROM "facility_items" WHERE "facility_items"."facility_id" = ?[0m  [["facility_id", 1]]
  Rendered facilities/show.html.erb within layouts/application (4.0ms)
Completed 200 OK in 65ms (Views: 55.6ms | ActiveRecord: 0.0ms)


Started GET "/facilities" for 127.0.0.1 at 2017-11-06 09:26:38 +0100
Processing by FacilitiesController#index as HTML
  Rendering facilities/index.html.erb within layouts/application
  [1m[36mFacility Load (0.5ms)[0m  [1m[34mSELECT "facilities".* FROM "facilities"[0m
  Rendered facilities/index.html.erb within layouts/application (3.2ms)
Completed 200 OK in 66ms (Views: 57.3ms | ActiveRecord: 0.5ms)


Started GET "/facilities/2" for 127.0.0.1 at 2017-11-06 09:26:40 +0100
Processing by FacilitiesController#show as HTML
  Parameters: {"id"=>"2"}
  [1m[36mFacility Load (0.0ms)[0m  [1m[34mSELECT  "facilities".* FROM "facilities" WHERE "facilities"."id" = ? LIMIT ?[0m  [["id", 2], ["LIMIT", 1]]
  Rendering facilities/show.html.erb within layouts/application
  [1m[36mFacilityItem Load (0.0ms)[0m  [1m[34mSELECT "facility_items".* FROM "facility_items" WHERE "facility_items"."facility_id" = ?[0m  [["facility_id", 2]]
  Rendered facilities/show.html.erb within layouts/application (3.1ms)
Completed 200 OK in 64ms (Views: 52.4ms | ActiveRecord: 0.0ms)


Started GET "/facilities" for 127.0.0.1 at 2017-11-06 09:26:42 +0100
Processing by FacilitiesController#index as HTML
  Rendering facilities/index.html.erb within layouts/application
  [1m[36mFacility Load (0.0ms)[0m  [1m[34mSELECT "facilities".* FROM "facilities"[0m
  Rendered facilities/index.html.erb within layouts/application (2.5ms)
Completed 200 OK in 61ms (Views: 53.5ms | ActiveRecord: 0.0ms)


Started GET "/facility_items" for 127.0.0.1 at 2017-11-06 09:26:43 +0100
Processing by FacilityItemsController#index as HTML
  Rendering facility_items/index.html.erb within layouts/application
  [1m[36mFacilityItem Load (0.0ms)[0m  [1m[34mSELECT "facility_items".* FROM "facility_items"[0m
  Rendered facility_items/index.html.erb within layouts/application (3.8ms)
Completed 200 OK in 61ms (Views: 53.5ms | ActiveRecord: 0.0ms)


Started GET "/facilities" for 127.0.0.1 at 2017-11-06 09:26:52 +0100
Processing by FacilitiesController#index as HTML
  Rendering facilities/index.html.erb within layouts/application
  [1m[36mFacility Load (0.0ms)[0m  [1m[34mSELECT "facilities".* FROM "facilities"[0m
  Rendered facilities/index.html.erb within layouts/application (3.0ms)
Completed 200 OK in 62ms (Views: 55.2ms | ActiveRecord: 0.0ms)


Started GET "/facility_items" for 127.0.0.1 at 2017-11-06 09:26:53 +0100
Processing by FacilityItemsController#index as HTML
  Rendering facility_items/index.html.erb within layouts/application
  [1m[36mFacilityItem Load (1.0ms)[0m  [1m[34mSELECT "facility_items".* FROM "facility_items"[0m
  Rendered facility_items/index.html.erb within layouts/application (2.5ms)
Completed 200 OK in 62ms (Views: 53.9ms | ActiveRecord: 1.0ms)


Started GET "/facilities" for 127.0.0.1 at 2017-11-06 09:26:54 +0100
Processing by FacilitiesController#index as HTML
  Rendering facilities/index.html.erb within layouts/application
  [1m[36mFacility Load (0.0ms)[0m  [1m[34mSELECT "facilities".* FROM "facilities"[0m
  Rendered facilities/index.html.erb within layouts/application (3.0ms)
Completed 200 OK in 63ms (Views: 55.0ms | ActiveRecord: 0.0ms)


Started GET "/facility_items" for 127.0.0.1 at 2017-11-06 09:26:55 +0100
Processing by FacilityItemsController#index as HTML
  Rendering facility_items/index.html.erb within layouts/application
  [1m[36mFacilityItem Load (1.0ms)[0m  [1m[34mSELECT "facility_items".* FROM "facility_items"[0m
  Rendered facility_items/index.html.erb within layouts/application (3.0ms)
Completed 200 OK in 67ms (Views: 57.7ms | ActiveRecord: 1.0ms)


Started GET "/facilities" for 127.0.0.1 at 2017-11-06 09:26:55 +0100
Processing by FacilitiesController#index as HTML
  Rendering facilities/index.html.erb within layouts/application
  [1m[36mFacility Load (0.0ms)[0m  [1m[34mSELECT "facilities".* FROM "facilities"[0m
  Rendered facilities/index.html.erb within layouts/application (4.0ms)
Completed 200 OK in 66ms (Views: 57.0ms | ActiveRecord: 0.0ms)


Started GET "/facility_items" for 127.0.0.1 at 2017-11-06 09:26:56 +0100
Processing by FacilityItemsController#index as HTML
  Rendering facility_items/index.html.erb within layouts/application
  [1m[36mFacilityItem Load (0.0ms)[0m  [1m[34mSELECT "facility_items".* FROM "facility_items"[0m
  Rendered facility_items/index.html.erb within layouts/application (3.0ms)
Completed 200 OK in 63ms (Views: 55.7ms | ActiveRecord: 0.0ms)


Started GET "/facilities" for 127.0.0.1 at 2017-11-06 09:26:56 +0100
Processing by FacilitiesController#index as HTML
  Rendering facilities/index.html.erb within layouts/application
  [1m[36mFacility Load (0.0ms)[0m  [1m[34mSELECT "facilities".* FROM "facilities"[0m
  Rendered facilities/index.html.erb within layouts/application (3.0ms)
Completed 200 OK in 62ms (Views: 54.0ms | ActiveRecord: 0.0ms)


  [1m[35m (0.0ms)[0m  [1m[34mSELECT "schema_migrations"."version" FROM "schema_migrations" ORDER BY "schema_migrations"."version" ASC[0m
Migrating to CreateQuestions (20171106083325)
  [1m[35m (0.0ms)[0m  [1m[36mbegin transaction[0m
  [1m[35m (0.0ms)[0m  [1m[34mSELECT sqlite_version(*)[0m
  [1m[35m (2.0ms)[0m  [1m[35mCREATE TABLE "questions" ("id" INTEGER PRIMARY KEY AUTOINCREMENT NOT NULL, "question" varchar, "description" text, "type" integer, "required" boolean, "images" boolean, "comment" boolean, "created_at" datetime NOT NULL, "updated_at" datetime NOT NULL)[0m
  [1m[35mSQL (0.0ms)[0m  [1m[32mINSERT INTO "schema_migrations" ("version") VALUES (?)[0m  [["version", "20171106083325"]]
  [1m[35m (7.0ms)[0m  [1m[36mcommit transaction[0m
  [1m[36mActiveRecord::InternalMetadata Load (0.5ms)[0m  [1m[34mSELECT  "ar_internal_metadata".* FROM "ar_internal_metadata" WHERE "ar_internal_metadata"."key" = ? LIMIT ?[0m  [["key", "environment"], ["LIMIT", 1]]
  [1m[35m (0.0ms)[0m  [1m[36mbegin transaction[0m
  [1m[35m (0.0ms)[0m  [1m[36mcommit transaction[0m
  [1m[35m (0.0ms)[0m  [1m[34mSELECT "schema_migrations"."version" FROM "schema_migrations" ORDER BY "schema_migrations"."version" ASC[0m
Started GET "/facilities" for 127.0.0.1 at 2017-11-06 09:34:38 +0100
  [1m[35m (0.0ms)[0m  [1m[34mSELECT "schema_migrations"."version" FROM "schema_migrations" ORDER BY "schema_migrations"."version" ASC[0m
Processing by FacilitiesController#index as HTML
  Rendering facilities/index.html.erb within layouts/application
  [1m[36mFacility Load (0.0ms)[0m  [1m[34mSELECT "facilities".* FROM "facilities"[0m
  Rendered facilities/index.html.erb within layouts/application (7.0ms)
Completed 500 Internal Server Error in 238ms (ActiveRecord: 1.0ms)


  
ActionView::Template::Error (No route matches {:action=>"show", :controller=>"questions"}, missing required keys: [:id]):
    15:       <ul>
    16:         <li><%= link_to  "Facilities", facilities_path %></li>
    17:         <li><%= link_to  "Facilities Items", facility_items_path %></li>
    18:         <li><%= link_to  "Questions", question_path %></li>
    19:       </ul>
    20:     </aside>
    21:     <section>
  
app/views/layouts/application.html.erb:18:in `_app_views_layouts_application_html_erb__236757703_57724344'
Started GET "/facilities" for 127.0.0.1 at 2017-11-06 09:34:46 +0100
Processing by FacilitiesController#index as HTML
  Rendering facilities/index.html.erb within layouts/application
  [1m[36mFacility Load (0.0ms)[0m  [1m[34mSELECT "facilities".* FROM "facilities"[0m
  Rendered facilities/index.html.erb within layouts/application (3.1ms)
Completed 200 OK in 70ms (Views: 61.5ms | ActiveRecord: 0.0ms)


Started GET "/questions" for 127.0.0.1 at 2017-11-06 09:34:48 +0100
Processing by QuestionsController#index as HTML
  Rendering questions/index.html.erb within layouts/application
  [1m[36mQuestion Load (1.0ms)[0m  [1m[34mSELECT "questions".* FROM "questions"[0m
  Rendered questions/index.html.erb within layouts/application (5.0ms)
Completed 200 OK in 68ms (Views: 57.2ms | ActiveRecord: 1.0ms)


Started GET "/questions/new" for 127.0.0.1 at 2017-11-06 09:34:51 +0100
Processing by QuestionsController#new as HTML
  Rendering questions/new.html.erb within layouts/application
  Rendered questions/_form.html.erb (17.7ms)
  Rendered questions/new.html.erb within layouts/application (25.7ms)
Completed 200 OK in 96ms (Views: 81.7ms | ActiveRecord: 1.0ms)


Started POST "/questions" for 127.0.0.1 at 2017-11-06 09:35:43 +0100
Processing by QuestionsController#create as HTML
  Parameters: {"utf8"=>"✓", "authenticity_token"=>"Ow5bZ03ljDpRIFfvrdg/VJl6MenhVN/MdiUJdGzzkN0e8k2ygSwCQcvugh1jU4vX86J0eglSjgWtaLFGm+iCvw==", "question"=>{"question"=>"What is wrong?", "description"=>"Tell me the error.", "type"=>"0", "required"=>"1", "images"=>"1", "comment"=>"1"}, "commit"=>"Create Question"}
Completed 500 Internal Server Error in 1ms (ActiveRecord: 0.0ms)


  
ActiveRecord::SubclassNotFound (The single-table inheritance mechanism failed to locate the subclass: '0'. This error is raised because the column 'type' is reserved for storing the class in case of inheritance. Please rename this column if you didn't intend it to be used for storing the inheritance class or overwrite Question.inheritance_column to use another column for that information.):
  
app/controllers/questions_controller.rb:27:in `create'
  [1m[35m (0.0ms)[0m  [1m[34mSELECT "schema_migrations"."version" FROM "schema_migrations" ORDER BY "schema_migrations"."version" ASC[0m
  [1m[35m (0.5ms)[0m  [1m[34mSELECT "schema_migrations"."version" FROM "schema_migrations" ORDER BY "schema_migrations"."version" ASC[0m
Migrating to CreateQuestions (20171106083325)
  [1m[35m (0.0ms)[0m  [1m[36mbegin transaction[0m
  [1m[35m (0.5ms)[0m  [1m[35mDROP TABLE "questions"[0m
  [1m[35mSQL (0.0ms)[0m  [1m[31mDELETE FROM "schema_migrations" WHERE "schema_migrations"."version" = ?[0m  [["version", "20171106083325"]]
  [1m[35m (7.7ms)[0m  [1m[36mcommit transaction[0m
  [1m[35m (0.0ms)[0m  [1m[34mSELECT "schema_migrations"."version" FROM "schema_migrations" ORDER BY "schema_migrations"."version" ASC[0m
  [1m[35m (0.5ms)[0m  [1m[34mSELECT "schema_migrations"."version" FROM "schema_migrations" ORDER BY "schema_migrations"."version" ASC[0m
Migrating to CreateQuestions (20171106083325)
  [1m[35m (0.0ms)[0m  [1m[36mbegin transaction[0m
  [1m[35m (0.5ms)[0m  [1m[34mSELECT sqlite_version(*)[0m
  [1m[35m (1.5ms)[0m  [1m[35mCREATE TABLE "questions" ("id" INTEGER PRIMARY KEY AUTOINCREMENT NOT NULL, "question" varchar, "description" text, "template_id" integer, "required" boolean, "images" boolean, "comment" boolean, "created_at" datetime NOT NULL, "updated_at" datetime NOT NULL)[0m
  [1m[35mSQL (0.0ms)[0m  [1m[32mINSERT INTO "schema_migrations" ("version") VALUES (?)[0m  [["version", "20171106083325"]]
  [1m[35m (7.0ms)[0m  [1m[36mcommit transaction[0m
  [1m[36mActiveRecord::InternalMetadata Load (0.0ms)[0m  [1m[34mSELECT  "ar_internal_metadata".* FROM "ar_internal_metadata" WHERE "ar_internal_metadata"."key" = ? LIMIT ?[0m  [["key", "environment"], ["LIMIT", 1]]
  [1m[35m (0.0ms)[0m  [1m[36mbegin transaction[0m
  [1m[35m (0.0ms)[0m  [1m[36mcommit transaction[0m
  [1m[35m (0.0ms)[0m  [1m[34mSELECT "schema_migrations"."version" FROM "schema_migrations" ORDER BY "schema_migrations"."version" ASC[0m
Started GET "/questions/new" for 127.0.0.1 at 2017-11-06 09:39:23 +0100
  [1m[35m (0.0ms)[0m  [1m[34mSELECT "schema_migrations"."version" FROM "schema_migrations" ORDER BY "schema_migrations"."version" ASC[0m
Processing by QuestionsController#new as HTML
  Rendering questions/new.html.erb within layouts/application
  Rendered questions/_form.html.erb (4.0ms)
  Rendered questions/new.html.erb within layouts/application (14.0ms)
Completed 200 OK in 105ms (Views: 84.1ms | ActiveRecord: 0.0ms)


Started GET "/questions/new" for 127.0.0.1 at 2017-11-06 09:40:31 +0100
Processing by QuestionsController#new as HTML
  Rendering questions/new.html.erb within layouts/application
  Rendered questions/_form.html.erb (3.0ms)
  Rendered questions/new.html.erb within layouts/application (12.0ms)
Completed 200 OK in 82ms (Views: 64.5ms | ActiveRecord: 2.0ms)


Started GET "/questions/new" for 127.0.0.1 at 2017-11-06 09:41:27 +0100
Processing by QuestionsController#new as HTML
  Rendering questions/new.html.erb within layouts/application
  Rendered questions/_form.html.erb (3.1ms)
  Rendered questions/new.html.erb within layouts/application (24.2ms)
Completed 200 OK in 89ms (Views: 80.8ms | ActiveRecord: 0.0ms)


  [1m[35m (0.0ms)[0m  [1m[34mSELECT "schema_migrations"."version" FROM "schema_migrations" ORDER BY "schema_migrations"."version" ASC[0m
Migrating to CreateTemplates (20171106084246)
  [1m[35m (0.0ms)[0m  [1m[36mbegin transaction[0m
  [1m[35m (0.0ms)[0m  [1m[34mSELECT sqlite_version(*)[0m
  [1m[35m (1.9ms)[0m  [1m[35mCREATE TABLE "templates" ("id" INTEGER PRIMARY KEY AUTOINCREMENT NOT NULL, "name" varchar, "created_at" datetime NOT NULL, "updated_at" datetime NOT NULL)[0m
  [1m[35mSQL (0.0ms)[0m  [1m[32mINSERT INTO "schema_migrations" ("version") VALUES (?)[0m  [["version", "20171106084246"]]
  [1m[35m (7.5ms)[0m  [1m[36mcommit transaction[0m
  [1m[36mActiveRecord::InternalMetadata Load (0.0ms)[0m  [1m[34mSELECT  "ar_internal_metadata".* FROM "ar_internal_metadata" WHERE "ar_internal_metadata"."key" = ? LIMIT ?[0m  [["key", "environment"], ["LIMIT", 1]]
  [1m[35m (0.0ms)[0m  [1m[36mbegin transaction[0m
  [1m[35m (0.0ms)[0m  [1m[36mcommit transaction[0m
  [1m[35m (1.0ms)[0m  [1m[34mSELECT "schema_migrations"."version" FROM "schema_migrations" ORDER BY "schema_migrations"."version" ASC[0m
Started GET "/questions/new" for 127.0.0.1 at 2017-11-06 09:45:19 +0100
  [1m[35m (0.0ms)[0m  [1m[34mSELECT "schema_migrations"."version" FROM "schema_migrations" ORDER BY "schema_migrations"."version" ASC[0m
Processing by QuestionsController#new as HTML
  Rendering questions/new.html.erb within layouts/application
  Rendered questions/_form.html.erb (2.0ms)
  Rendered questions/new.html.erb within layouts/application (11.0ms)
Completed 200 OK in 232ms (Views: 215.3ms | ActiveRecord: 0.0ms)


Started GET "/questions/new" for 127.0.0.1 at 2017-11-06 09:45:54 +0100
Processing by QuestionsController#new as HTML
  Rendering questions/new.html.erb within layouts/application
  Rendered questions/_form.html.erb (3.0ms)
  Rendered questions/new.html.erb within layouts/application (11.1ms)
Completed 200 OK in 79ms (Views: 70.3ms | ActiveRecord: 0.0ms)


Started GET "/templates" for 127.0.0.1 at 2017-11-06 09:45:55 +0100
Processing by TemplatesController#index as HTML
  Rendering templates/index.html.erb within layouts/application
  [1m[36mTemplate Load (1.0ms)[0m  [1m[34mSELECT "templates".* FROM "templates"[0m
  Rendered templates/index.html.erb within layouts/application (2.4ms)
Completed 200 OK in 70ms (Views: 58.2ms | ActiveRecord: 1.0ms)


Started GET "/templates/new" for 127.0.0.1 at 2017-11-06 09:45:57 +0100
Processing by TemplatesController#new as HTML
  Rendering templates/new.html.erb within layouts/application
  Rendered templates/_form.html.erb (1.0ms)
  Rendered templates/new.html.erb within layouts/application (9.0ms)
Completed 200 OK in 75ms (Views: 64.0ms | ActiveRecord: 0.5ms)


Started POST "/templates" for 127.0.0.1 at 2017-11-06 09:46:04 +0100
Processing by TemplatesController#create as HTML
  Parameters: {"utf8"=>"✓", "authenticity_token"=>"x/VvM9u4u2xBAGDF1gyyFk5W9u2/h2Hes6vz/CIUyOY+2QqTCHn+U7ZGdjrP0FAvRsC0nZtxWKymt4wymBe63Q==", "template"=>{"name"=>"Template 1"}, "commit"=>"Create Template"}
  [1m[35m (0.0ms)[0m  [1m[36mbegin transaction[0m
  [1m[35mSQL (1.0ms)[0m  [1m[32mINSERT INTO "templates" ("name", "created_at", "updated_at") VALUES (?, ?, ?)[0m  [["name", "Template 1"], ["created_at", "2017-11-06 08:46:04.447446"], ["updated_at", "2017-11-06 08:46:04.447446"]]
  [1m[35m (8.5ms)[0m  [1m[36mcommit transaction[0m
Redirected to http://localhost:3000/templates/1
Completed 302 Found in 14ms (ActiveRecord: 9.5ms)


Started GET "/templates/1" for 127.0.0.1 at 2017-11-06 09:46:04 +0100
Processing by TemplatesController#show as HTML
  Parameters: {"id"=>"1"}
  [1m[36mTemplate Load (0.0ms)[0m  [1m[34mSELECT  "templates".* FROM "templates" WHERE "templates"."id" = ? LIMIT ?[0m  [["id", 1], ["LIMIT", 1]]
  Rendering templates/show.html.erb within layouts/application
  Rendered templates/show.html.erb within layouts/application (0.0ms)
Completed 200 OK in 70ms (Views: 59.5ms | ActiveRecord: 0.0ms)


Started GET "/questions" for 127.0.0.1 at 2017-11-06 09:46:06 +0100
Processing by QuestionsController#index as HTML
  Rendering questions/index.html.erb within layouts/application
  [1m[36mQuestion Load (0.0ms)[0m  [1m[34mSELECT "questions".* FROM "questions"[0m
  Rendered questions/index.html.erb within layouts/application (3.3ms)
Completed 200 OK in 71ms (Views: 63.0ms | ActiveRecord: 0.0ms)


Started GET "/questions/new" for 127.0.0.1 at 2017-11-06 09:46:07 +0100
Processing by QuestionsController#new as HTML
  Rendering questions/new.html.erb within layouts/application
  Rendered questions/_form.html.erb (2.0ms)
  Rendered questions/new.html.erb within layouts/application (10.0ms)
Completed 200 OK in 76ms (Views: 68.2ms | ActiveRecord: 0.0ms)


Started POST "/questions" for 127.0.0.1 at 2017-11-06 09:46:23 +0100
Processing by QuestionsController#create as HTML
  Parameters: {"utf8"=>"✓", "authenticity_token"=>"Jh2kMCimvPfdfXO3o3zaoMsfAASYqbXp5Mkr+SKdWq0D4bLl5G8yjEezpkVt924jocdFl3Cv5CA/hJPL1YZIzw==", "question"=>{"question"=>"What is wrong?", "description"=>"", "template_id"=>"1", "required"=>"1", "images"=>"1", "comment"=>"1"}, "commit"=>"Create Question"}
  [1m[35m (0.0ms)[0m  [1m[36mbegin transaction[0m
  [1m[36mTemplate Load (0.0ms)[0m  [1m[34mSELECT  "templates".* FROM "templates" WHERE "templates"."id" = ? LIMIT ?[0m  [["id", 1], ["LIMIT", 1]]
  [1m[35mSQL (1.0ms)[0m  [1m[32mINSERT INTO "questions" ("question", "description", "template_id", "required", "images", "comment", "created_at", "updated_at") VALUES (?, ?, ?, ?, ?, ?, ?, ?)[0m  [["question", "What is wrong?"], ["description", ""], ["template_id", 1], ["required", "t"], ["images", "t"], ["comment", "t"], ["created_at", "2017-11-06 08:46:23.200620"], ["updated_at", "2017-11-06 08:46:23.200620"]]
  [1m[35m (6.5ms)[0m  [1m[36mcommit transaction[0m
Redirected to http://localhost:3000/questions/1
Completed 302 Found in 18ms (ActiveRecord: 7.5ms)


Started GET "/questions/1" for 127.0.0.1 at 2017-11-06 09:46:23 +0100
Processing by QuestionsController#show as HTML
  Parameters: {"id"=>"1"}
  [1m[36mQuestion Load (0.0ms)[0m  [1m[34mSELECT  "questions".* FROM "questions" WHERE "questions"."id" = ? LIMIT ?[0m  [["id", 1], ["LIMIT", 1]]
  Rendering questions/show.html.erb within layouts/application
  Rendered questions/show.html.erb within layouts/application (0.0ms)
Completed 200 OK in 70ms (Views: 60.9ms | ActiveRecord: 0.0ms)


Started GET "/templates" for 127.0.0.1 at 2017-11-06 09:46:26 +0100
Processing by TemplatesController#index as HTML
  Rendering templates/index.html.erb within layouts/application
  [1m[36mTemplate Load (0.0ms)[0m  [1m[34mSELECT "templates".* FROM "templates"[0m
  Rendered templates/index.html.erb within layouts/application (3.0ms)
Completed 200 OK in 64ms (Views: 56.6ms | ActiveRecord: 0.0ms)


Started GET "/questions" for 127.0.0.1 at 2017-11-06 09:46:28 +0100
Processing by QuestionsController#index as HTML
  Rendering questions/index.html.erb within layouts/application
  [1m[36mQuestion Load (0.5ms)[0m  [1m[34mSELECT "questions".* FROM "questions"[0m
  Rendered questions/index.html.erb within layouts/application (3.1ms)
Completed 200 OK in 66ms (Views: 58.0ms | ActiveRecord: 0.5ms)


Started GET "/templates" for 127.0.0.1 at 2017-11-06 09:46:31 +0100
Processing by TemplatesController#index as HTML
  Rendering templates/index.html.erb within layouts/application
  [1m[36mTemplate Load (1.0ms)[0m  [1m[34mSELECT "templates".* FROM "templates"[0m
  Rendered templates/index.html.erb within layouts/application (3.0ms)
Completed 200 OK in 64ms (Views: 55.8ms | ActiveRecord: 1.0ms)


Started GET "/templates" for 127.0.0.1 at 2017-11-06 09:47:07 +0100
Processing by TemplatesController#index as HTML
  Rendering templates/index.html.erb within layouts/application
  [1m[36mTemplate Load (0.0ms)[0m  [1m[34mSELECT "templates".* FROM "templates"[0m
  Rendered templates/index.html.erb within layouts/application (3.3ms)
Completed 200 OK in 69ms (Views: 59.9ms | ActiveRecord: 0.0ms)


Started GET "/templates" for 127.0.0.1 at 2017-11-06 09:47:09 +0100
Processing by TemplatesController#index as HTML
  Rendering templates/index.html.erb within layouts/application
  [1m[36mTemplate Load (0.0ms)[0m  [1m[34mSELECT "templates".* FROM "templates"[0m
  Rendered templates/index.html.erb within layouts/application (3.0ms)
Completed 200 OK in 64ms (Views: 56.0ms | ActiveRecord: 0.0ms)


Started GET "/templates/1" for 127.0.0.1 at 2017-11-06 09:47:11 +0100
Processing by TemplatesController#show as HTML
  Parameters: {"id"=>"1"}
  [1m[36mTemplate Load (0.0ms)[0m  [1m[34mSELECT  "templates".* FROM "templates" WHERE "templates"."id" = ? LIMIT ?[0m  [["id", 1], ["LIMIT", 1]]
  Rendering templates/show.html.erb within layouts/application
  [1m[36mQuestion Load (0.0ms)[0m  [1m[34mSELECT "questions".* FROM "questions" WHERE "questions"."template_id" = ?[0m  [["template_id", 1]]
  Rendered templates/show.html.erb within layouts/application (18.0ms)
Completed 500 Internal Server Error in 49ms (ActiveRecord: 0.0ms)


  
ActionView::Template::Error (undefined method `questions' for #<Question:0x9434b38>
Did you mean?  question
               question=
               question?
               question_was):
    4:   <strong>Name:</strong>
    5:   <%= @template.name %>
    6:   <% @template.questions.each do |item| %>
    7:   <%= link_to  item.questions, item %>
    8: <% end %>
    9: </p>
   10: 
  
app/views/templates/show.html.erb:7:in `block in _app_views_templates_show_html_erb__610858196_83399184'
app/views/templates/show.html.erb:6:in `_app_views_templates_show_html_erb__610858196_83399184'
Started GET "/templates/1" for 127.0.0.1 at 2017-11-06 09:47:22 +0100
Processing by TemplatesController#show as HTML
  Parameters: {"id"=>"1"}
  [1m[36mTemplate Load (0.0ms)[0m  [1m[34mSELECT  "templates".* FROM "templates" WHERE "templates"."id" = ? LIMIT ?[0m  [["id", 1], ["LIMIT", 1]]
  Rendering templates/show.html.erb within layouts/application
  [1m[36mQuestion Load (0.0ms)[0m  [1m[34mSELECT "questions".* FROM "questions" WHERE "questions"."template_id" = ?[0m  [["template_id", 1]]
  Rendered templates/show.html.erb within layouts/application (3.5ms)
Completed 200 OK in 71ms (Views: 60.7ms | ActiveRecord: 0.0ms)


Started GET "/templates/1" for 127.0.0.1 at 2017-11-06 09:47:44 +0100
Processing by TemplatesController#show as HTML
  Parameters: {"id"=>"1"}
  [1m[36mTemplate Load (0.5ms)[0m  [1m[34mSELECT  "templates".* FROM "templates" WHERE "templates"."id" = ? LIMIT ?[0m  [["id", 1], ["LIMIT", 1]]
  Rendering templates/show.html.erb within layouts/application
  [1m[36mQuestion Load (0.0ms)[0m  [1m[34mSELECT "questions".* FROM "questions" WHERE "questions"."template_id" = ?[0m  [["template_id", 1]]
  Rendered templates/show.html.erb within layouts/application (3.0ms)
Completed 200 OK in 73ms (Views: 64.5ms | ActiveRecord: 0.5ms)


